IQ-TREE multicore version 2.4.0 for MacOS Intel 64-bit built Feb 12 2025
Developed by Bui Quang Minh, Nguyen Lam Tung, Olga Chernomor, Heiko Schmidt,
Dominik Schrempf, Michael Woodhams, Ly Trong Nhan, Thomas Wong

Host:    MacBook-Air.local (SSE4.2, 16 GB RAM)
Command: iqtree -s data/example_alignements/nt/Rhabdomeric1.nt.aln -m MIX{JC,GTR}+G4 -wspmr --prefix mixture --redo
Seed:    415528 (Using SPRNG - Scalable Parallel Random Number Generator)
Time:    Thu Mar 27 12:23:01 2025
Kernel:  SSE2 - 1 threads (8 CPU cores detected)

HINT: Use -nt option to specify number of threads because your CPU has 8 cores!
HINT: -nt AUTO will automatically determine the best number of threads to use.

Reading alignment file data/example_alignements/nt/Rhabdomeric1.nt.aln ... Fasta format detected
Reading fasta file: done in 0.001369 secs using 83.64% CPU
Alignment most likely contains DNA/RNA sequences
Alignment has 8 sequences with 1404 columns, 263 distinct patterns
189 parsimony-informative, 304 singleton sites, 910 constant sites
                Gap/Ambiguity  Composition  p-value
Analyzing sequences: done in 1.38283e-05 secs using 65.08% CPU
   1  Ovulgaris         2.78%    passed     97.43%
   2  Emoschata         2.78%    passed     94.49%
   3  Cmacropus         2.35%    passed     99.11%
   4  Ecirrhosa         2.56%    passed     99.24%
   5  Ptetracitrrhus    2.78%    passed     82.26%
   6  Sunicirrhus       7.05%    passed     95.95%
   7  Aargo             2.35%    passed     91.85%
   8  Sofficinalis      0.85%    passed     51.67%
****  TOTAL             2.94%  0 sequences failed composition chi2 test (p-value<5%; df=3)

Create initial parsimony tree by phylogenetic likelihood library (PLL)... 0.001 seconds

NOTE: 0 MB RAM (0 GB) is required!
Estimate model parameters (epsilon = 0.100)
1. Initial log-likelihood: -5215.776
2. Current log-likelihood: -5096.115
3. Current log-likelihood: -5079.336
4. Current log-likelihood: -5069.164
5. Current log-likelihood: -5057.391
6. Current log-likelihood: -5056.329
7. Current log-likelihood: -5056.057
8. Current log-likelihood: -5055.942
Optimal log-likelihood: -5055.866
Rate parameters:  A-C: 1.00000  A-G: 1.00000  A-T: 1.00000  C-G: 1.00000  C-T: 1.00000  G-T: 1.00000
Base frequencies:  A: 0.250  C: 0.250  G: 0.250  T: 0.250
Rate parameters:  A-C: 8.85630  A-G: 41.71477  A-T: 0.00010  C-G: 0.00010  C-T: 100.00000  G-T: 1.00000
Warning! Some parameters hit the boundaries
Base frequencies:  A: 0.250  C: 0.250  G: 0.250  T: 0.250
Mixture weights: 0.553 0.447
Gamma shape alpha: 0.282
Parameters optimization took 8 rounds (0.106 sec)
Wrote distance file to... 
Computing ML distances based on estimated model parameters...
Calculating distance matrix: done in 0.00122499 secs using 28.9% CPU
Computing ML distances took 0.001280 sec (of wall-clock time) 0.000396 sec (of CPU time)
Setting up auxiliary I and S matrices: done in 2.7895e-05 secs using 118.3% CPU
Computing RapidNJ tree took 0.000088 sec (of wall-clock time) 0.000094 sec (of CPU time)
Log-likelihood of RapidNJ tree: -5063.749
--------------------------------------------------------------------
|             INITIALIZING CANDIDATE TREE SET                      |
--------------------------------------------------------------------
Generating 98 parsimony trees... 0.023 second
Computing log-likelihood of 46 initial trees ... 0.039 seconds
Current best score: -5055.866

Do NNI search on 20 best initial trees
Estimate model parameters (epsilon = 0.100)
BETTER TREE FOUND at iteration 1: -5055.852
Iteration 10 / LogL: -5057.120 / Time: 0h:0m:0s
Iteration 20 / LogL: -5062.563 / Time: 0h:0m:0s
Finish initializing candidate tree set (3)
Current best tree score: -5055.852 / CPU time: 0.196
Number of iterations: 20
--------------------------------------------------------------------
|               OPTIMIZING CANDIDATE TREE SET                      |
--------------------------------------------------------------------
UPDATE BEST LOG-LIKELIHOOD: -5055.852
Iteration 30 / LogL: -5056.246 / Time: 0h:0m:0s (0h:0m:0s left)
Iteration 40 / LogL: -5061.974 / Time: 0h:0m:0s (0h:0m:0s left)
Iteration 50 / LogL: -5059.841 / Time: 0h:0m:0s (0h:0m:0s left)
Iteration 60 / LogL: -5060.342 / Time: 0h:0m:0s (0h:0m:0s left)
Iteration 70 / LogL: -5061.778 / Time: 0h:0m:0s (0h:0m:0s left)
Iteration 80 / LogL: -5061.288 / Time: 0h:0m:0s (0h:0m:0s left)
Iteration 90 / LogL: -5061.750 / Time: 0h:0m:0s (0h:0m:0s left)
Iteration 100 / LogL: -5056.589 / Time: 0h:0m:1s (0h:0m:0s left)
TREE SEARCH COMPLETED AFTER 102 ITERATIONS / Time: 0h:0m:1s

--------------------------------------------------------------------
|                    FINALIZING TREE SEARCH                        |
--------------------------------------------------------------------
Performs final model parameters optimization
Estimate model parameters (epsilon = 0.010)
1. Initial log-likelihood: -5055.852
Optimal log-likelihood: -5055.846
Rate parameters:  A-C: 1.00000  A-G: 1.00000  A-T: 1.00000  C-G: 1.00000  C-T: 1.00000  G-T: 1.00000
Base frequencies:  A: 0.250  C: 0.250  G: 0.250  T: 0.250
Rate parameters:  A-C: 8.81232  A-G: 41.71743  A-T: 0.00010  C-G: 0.00010  C-T: 100.00000  G-T: 1.00000
Warning! Some parameters hit the boundaries
Base frequencies:  A: 0.250  C: 0.250  G: 0.250  T: 0.250
Mixture weights: 0.552 0.448
Gamma shape alpha: 0.278
Parameters optimization took 1 rounds (0.010 sec)
BEST SCORE FOUND : -5055.846
Site probabilities per category printed to mixture.siteprob
Total tree length: 1.247

Total number of iterations: 102
CPU time used for tree search: 1.088 sec (0h:0m:1s)
Wall-clock time used for tree search: 0.900 sec (0h:0m:0s)
Total CPU time used: 1.229 sec (0h:0m:1s)
Total wall-clock time used: 1.047 sec (0h:0m:1s)

Analysis results written to: 
  IQ-TREE report:                mixture.iqtree
  Maximum-likelihood tree:       mixture.treefile
  Likelihood distances:          mixture.mldist
  Site probability per rate/mix: mixture.siteprob
  Screen log file:               mixture.log

Date and Time: Thu Mar 27 12:23:02 2025
