IQ-TREE multicore version 2.4.0 for MacOS Intel 64-bit built Feb 12 2025
Developed by Bui Quang Minh, Nguyen Lam Tung, Olga Chernomor, Heiko Schmidt,
Dominik Schrempf, Michael Woodhams, Ly Trong Nhan, Thomas Wong

Host:    Mac.home-life.hub (SSE4.2, 16 GB RAM)
Command: iqtree -s data/example_alignements/nt/Rhabdomeric1.nt.aln -m GTR -b 100 --prefix data/example_alignements/nt/nonparamet_bootstrap -t data/example_alignements/nt/Rhabdomeric1.nt.nwk --tree-fix --redo
Seed:    175783 (Using SPRNG - Scalable Parallel Random Number Generator)
Time:    Wed Mar 26 09:15:11 2025
Kernel:  SSE2 - 1 threads (8 CPU cores detected)

HINT: Use -nt option to specify number of threads because your CPU has 8 cores!
HINT: -nt AUTO will automatically determine the best number of threads to use.

Reading alignment file data/example_alignements/nt/Rhabdomeric1.nt.aln ... Fasta format detected
Reading fasta file: done in 0.000926018 secs using 94.81% CPU
Alignment most likely contains DNA/RNA sequences
Alignment has 8 sequences with 1404 columns, 263 distinct patterns
189 parsimony-informative, 304 singleton sites, 910 constant sites
                Gap/Ambiguity  Composition  p-value
Analyzing sequences: done in 8.10623e-06 secs using 86.35% CPU
   1  Ovulgaris         2.78%    passed     97.43%
   2  Emoschata         2.78%    passed     94.49%
   3  Cmacropus         2.35%    passed     99.11%
   4  Ecirrhosa         2.56%    passed     99.24%
   5  Ptetracitrrhus    2.78%    passed     82.26%
   6  Sunicirrhus       7.05%    passed     95.95%
   7  Aargo             2.35%    passed     91.85%
   8  Sofficinalis      0.85%    passed     51.67%
****  TOTAL             2.94%  0 sequences failed composition chi2 test (p-value<5%; df=3)

===> START BOOTSTRAP REPLICATE NUMBER 1

Creating bootstrap alignment (seed: 175783)...
Reading input tree file data/example_alignements/nt/Rhabdomeric1.nt.nwk ...

NOTE: 0 MB RAM (0 GB) is required!
Estimate model parameters (epsilon = 0.010)
1. Initial log-likelihood: -5077.524
2. Current log-likelihood: -4992.685
3. Current log-likelihood: -4992.511
Optimal log-likelihood: -4992.511
Rate parameters:  A-C: 2.73968  A-G: 4.33632  A-T: 1.92866  C-G: 1.77057  C-T: 5.02244  G-T: 1.00000
Base frequencies:  A: 0.254  C: 0.261  G: 0.216  T: 0.268
Parameters optimization took 3 rounds (0.003 sec)
Wrote distance file to... 
BEST SCORE FOUND : -4992.511
Total tree length: 0.541

Total number of iterations: 0
CPU time used for tree search: 0.000 sec (0h:0m:0s)
Wall-clock time used for tree search: 0.000 sec (0h:0m:0s)
Total CPU time used: 0.010 sec (0h:0m:0s)
Total wall-clock time used: 0.011 sec (0h:0m:0s)

===> START BOOTSTRAP REPLICATE NUMBER 2

Creating bootstrap alignment (seed: 175784)...
Reading input tree file data/example_alignements/nt/Rhabdomeric1.nt.nwk ...

NOTE: 0 MB RAM (0 GB) is required!
Estimate model parameters (epsilon = 0.010)
1. Initial log-likelihood: -5335.418
2. Current log-likelihood: -5252.058
3. Current log-likelihood: -5251.864
Optimal log-likelihood: -5251.863
Rate parameters:  A-C: 2.86321  A-G: 3.59003  A-T: 1.82086  C-G: 1.58071  C-T: 4.92380  G-T: 1.00000
Base frequencies:  A: 0.249  C: 0.277  G: 0.221  T: 0.253
Parameters optimization took 3 rounds (0.003 sec)
Wrote distance file to... 
BEST SCORE FOUND : -5251.863
Total tree length: 0.632

Total number of iterations: 0
CPU time used for tree search: 0.000 sec (0h:0m:0s)
Wall-clock time used for tree search: 0.000 sec (0h:0m:0s)
Total CPU time used: 0.018 sec (0h:0m:0s)
Total wall-clock time used: 0.020 sec (0h:0m:0s)

===> START BOOTSTRAP REPLICATE NUMBER 3

Creating bootstrap alignment (seed: 175785)...
Reading input tree file data/example_alignements/nt/Rhabdomeric1.nt.nwk ...

NOTE: 0 MB RAM (0 GB) is required!
Estimate model parameters (epsilon = 0.010)
1. Initial log-likelihood: -5289.608
2. Current log-likelihood: -5211.474
3. Current log-likelihood: -5211.260
Optimal log-likelihood: -5211.259
Rate parameters:  A-C: 2.51536  A-G: 3.31865  A-T: 1.73457  C-G: 1.86521  C-T: 4.75390  G-T: 1.00000
Base frequencies:  A: 0.241  C: 0.282  G: 0.204  T: 0.273
Parameters optimization took 3 rounds (0.003 sec)
Wrote distance file to... 
BEST SCORE FOUND : -5211.259
Total tree length: 0.602

Total number of iterations: 0
CPU time used for tree search: 0.000 sec (0h:0m:0s)
Wall-clock time used for tree search: 0.000 sec (0h:0m:0s)
Total CPU time used: 0.026 sec (0h:0m:0s)
Total wall-clock time used: 0.029 sec (0h:0m:0s)

===> START BOOTSTRAP REPLICATE NUMBER 4

Creating bootstrap alignment (seed: 175786)...
Reading input tree file data/example_alignements/nt/Rhabdomeric1.nt.nwk ...

NOTE: 0 MB RAM (0 GB) is required!
Estimate model parameters (epsilon = 0.010)
1. Initial log-likelihood: -4947.218
2. Current log-likelihood: -4839.638
3. Current log-likelihood: -4839.102
Optimal log-likelihood: -4839.102
Rate parameters:  A-C: 1.50748  A-G: 3.50881  A-T: 1.48908  C-G: 1.42385  C-T: 4.98919  G-T: 1.00000
Base frequencies:  A: 0.267  C: 0.259  G: 0.205  T: 0.269
Parameters optimization took 3 rounds (0.003 sec)
Wrote distance file to... 
BEST SCORE FOUND : -4839.102
Total tree length: 0.542

Total number of iterations: 0
CPU time used for tree search: 0.000 sec (0h:0m:0s)
Wall-clock time used for tree search: 0.000 sec (0h:0m:0s)
Total CPU time used: 0.034 sec (0h:0m:0s)
Total wall-clock time used: 0.037 sec (0h:0m:0s)

===> START BOOTSTRAP REPLICATE NUMBER 5

Creating bootstrap alignment (seed: 175787)...
Reading input tree file data/example_alignements/nt/Rhabdomeric1.nt.nwk ...

NOTE: 0 MB RAM (0 GB) is required!
Estimate model parameters (epsilon = 0.010)
1. Initial log-likelihood: -5498.669
2. Current log-likelihood: -5402.130
3. Current log-likelihood: -5401.848
Optimal log-likelihood: -5401.847
Rate parameters:  A-C: 2.24096  A-G: 3.72522  A-T: 2.36131  C-G: 1.81409  C-T: 5.71717  G-T: 1.00000
Base frequencies:  A: 0.267  C: 0.256  G: 0.216  T: 0.261
Parameters optimization took 3 rounds (0.003 sec)
Wrote distance file to... 
BEST SCORE FOUND : -5401.847
Total tree length: 0.656

Total number of iterations: 0
CPU time used for tree search: 0.000 sec (0h:0m:0s)
Wall-clock time used for tree search: 0.000 sec (0h:0m:0s)
Total CPU time used: 0.041 sec (0h:0m:0s)
Total wall-clock time used: 0.044 sec (0h:0m:0s)

===> START BOOTSTRAP REPLICATE NUMBER 6

Creating bootstrap alignment (seed: 175788)...
Reading input tree file data/example_alignements/nt/Rhabdomeric1.nt.nwk ...

NOTE: 0 MB RAM (0 GB) is required!
Estimate model parameters (epsilon = 0.010)
1. Initial log-likelihood: -5461.133
2. Current log-likelihood: -5376.297
3. Current log-likelihood: -5376.078
Optimal log-likelihood: -5376.077
Rate parameters:  A-C: 2.23194  A-G: 4.15742  A-T: 2.20516  C-G: 1.62803  C-T: 4.51783  G-T: 1.00000
Base frequencies:  A: 0.254  C: 0.262  G: 0.204  T: 0.279
Parameters optimization took 3 rounds (0.003 sec)
Wrote distance file to... 
BEST SCORE FOUND : -5376.077
Total tree length: 0.630

Total number of iterations: 0
CPU time used for tree search: 0.000 sec (0h:0m:0s)
Wall-clock time used for tree search: 0.000 sec (0h:0m:0s)
Total CPU time used: 0.049 sec (0h:0m:0s)
Total wall-clock time used: 0.052 sec (0h:0m:0s)

===> START BOOTSTRAP REPLICATE NUMBER 7

Creating bootstrap alignment (seed: 175789)...
Reading input tree file data/example_alignements/nt/Rhabdomeric1.nt.nwk ...

NOTE: 0 MB RAM (0 GB) is required!
Estimate model parameters (epsilon = 0.010)
1. Initial log-likelihood: -5513.971
2. Current log-likelihood: -5415.185
3. Current log-likelihood: -5414.963
Optimal log-likelihood: -5414.962
Rate parameters:  A-C: 2.12317  A-G: 2.86212  A-T: 1.30901  C-G: 1.69364  C-T: 4.62368  G-T: 1.00000
Base frequencies:  A: 0.257  C: 0.265  G: 0.216  T: 0.261
Parameters optimization took 3 rounds (0.002 sec)
Wrote distance file to... 
BEST SCORE FOUND : -5414.962
Total tree length: 0.659

Total number of iterations: 0
CPU time used for tree search: 0.000 sec (0h:0m:0s)
Wall-clock time used for tree search: 0.000 sec (0h:0m:0s)
Total CPU time used: 0.055 sec (0h:0m:0s)
Total wall-clock time used: 0.059 sec (0h:0m:0s)

===> START BOOTSTRAP REPLICATE NUMBER 8

Creating bootstrap alignment (seed: 175790)...
Reading input tree file data/example_alignements/nt/Rhabdomeric1.nt.nwk ...

NOTE: 0 MB RAM (0 GB) is required!
Estimate model parameters (epsilon = 0.010)
1. Initial log-likelihood: -5276.424
2. Current log-likelihood: -5183.063
3. Current log-likelihood: -5182.735
Optimal log-likelihood: -5182.735
Rate parameters:  A-C: 2.64773  A-G: 4.91030  A-T: 2.33111  C-G: 2.40868  C-T: 6.41629  G-T: 1.00000
Base frequencies:  A: 0.258  C: 0.252  G: 0.213  T: 0.276
Parameters optimization took 3 rounds (0.003 sec)
Wrote distance file to... 
BEST SCORE FOUND : -5182.735
Total tree length: 0.609

Total number of iterations: 0
CPU time used for tree search: 0.000 sec (0h:0m:0s)
Wall-clock time used for tree search: 0.000 sec (0h:0m:0s)
Total CPU time used: 0.063 sec (0h:0m:0s)
Total wall-clock time used: 0.067 sec (0h:0m:0s)

===> START BOOTSTRAP REPLICATE NUMBER 9

Creating bootstrap alignment (seed: 175791)...
Reading input tree file data/example_alignements/nt/Rhabdomeric1.nt.nwk ...

NOTE: 0 MB RAM (0 GB) is required!
Estimate model parameters (epsilon = 0.010)
1. Initial log-likelihood: -5306.946
2. Current log-likelihood: -5246.462
3. Current log-likelihood: -5246.219
Optimal log-likelihood: -5246.218
Rate parameters:  A-C: 1.97878  A-G: 3.05925  A-T: 2.10157  C-G: 1.82441  C-T: 4.23852  G-T: 1.00000
Base frequencies:  A: 0.267  C: 0.277  G: 0.195  T: 0.261
Parameters optimization took 3 rounds (0.003 sec)
Wrote distance file to... 
BEST SCORE FOUND : -5246.218
Total tree length: 0.615

Total number of iterations: 0
CPU time used for tree search: 0.000 sec (0h:0m:0s)
Wall-clock time used for tree search: 0.000 sec (0h:0m:0s)
Total CPU time used: 0.070 sec (0h:0m:0s)
Total wall-clock time used: 0.074 sec (0h:0m:0s)

===> START BOOTSTRAP REPLICATE NUMBER 10

Creating bootstrap alignment (seed: 175792)...
Reading input tree file data/example_alignements/nt/Rhabdomeric1.nt.nwk ...

NOTE: 0 MB RAM (0 GB) is required!
Estimate model parameters (epsilon = 0.010)
1. Initial log-likelihood: -5358.807
2. Current log-likelihood: -5252.906
3. Current log-likelihood: -5252.481
Optimal log-likelihood: -5252.480
Rate parameters:  A-C: 3.08432  A-G: 4.32839  A-T: 1.69836  C-G: 1.99799  C-T: 5.99679  G-T: 1.00000
Base frequencies:  A: 0.261  C: 0.244  G: 0.217  T: 0.277
Parameters optimization took 3 rounds (0.003 sec)
Wrote distance file to... 
BEST SCORE FOUND : -5252.480
Total tree length: 0.637

Total number of iterations: 0
CPU time used for tree search: 0.000 sec (0h:0m:0s)
Wall-clock time used for tree search: 0.000 sec (0h:0m:0s)
Total CPU time used: 0.077 sec (0h:0m:0s)
Total wall-clock time used: 0.082 sec (0h:0m:0s)

===> START BOOTSTRAP REPLICATE NUMBER 11

Creating bootstrap alignment (seed: 175793)...
Reading input tree file data/example_alignements/nt/Rhabdomeric1.nt.nwk ...

NOTE: 0 MB RAM (0 GB) is required!
Estimate model parameters (epsilon = 0.010)
1. Initial log-likelihood: -5449.629
2. Current log-likelihood: -5371.023
3. Current log-likelihood: -5370.682
Optimal log-likelihood: -5370.682
Rate parameters:  A-C: 3.20190  A-G: 4.48386  A-T: 2.52381  C-G: 2.08359  C-T: 5.01462  G-T: 1.00000
Base frequencies:  A: 0.238  C: 0.277  G: 0.216  T: 0.269
Parameters optimization took 3 rounds (0.002 sec)
Wrote distance file to... 
BEST SCORE FOUND : -5370.682
Total tree length: 0.660

Total number of iterations: 0
CPU time used for tree search: 0.000 sec (0h:0m:0s)
Wall-clock time used for tree search: 0.000 sec (0h:0m:0s)
Total CPU time used: 0.083 sec (0h:0m:0s)
Total wall-clock time used: 0.089 sec (0h:0m:0s)

===> START BOOTSTRAP REPLICATE NUMBER 12

Creating bootstrap alignment (seed: 175794)...
Reading input tree file data/example_alignements/nt/Rhabdomeric1.nt.nwk ...

NOTE: 0 MB RAM (0 GB) is required!
Estimate model parameters (epsilon = 0.010)
1. Initial log-likelihood: -5143.500
2. Current log-likelihood: -5066.024
3. Current log-likelihood: -5065.897
Optimal log-likelihood: -5065.897
Rate parameters:  A-C: 2.60027  A-G: 4.03967  A-T: 1.70865  C-G: 1.63710  C-T: 4.60016  G-T: 1.00000
Base frequencies:  A: 0.252  C: 0.271  G: 0.214  T: 0.263
Parameters optimization took 3 rounds (0.003 sec)
Wrote distance file to... 
BEST SCORE FOUND : -5065.897
Total tree length: 0.582

Total number of iterations: 0
CPU time used for tree search: 0.000 sec (0h:0m:0s)
Wall-clock time used for tree search: 0.000 sec (0h:0m:0s)
Total CPU time used: 0.090 sec (0h:0m:0s)
Total wall-clock time used: 0.096 sec (0h:0m:0s)

===> START BOOTSTRAP REPLICATE NUMBER 13

Creating bootstrap alignment (seed: 175795)...
Reading input tree file data/example_alignements/nt/Rhabdomeric1.nt.nwk ...

NOTE: 0 MB RAM (0 GB) is required!
Estimate model parameters (epsilon = 0.010)
1. Initial log-likelihood: -5237.503
2. Current log-likelihood: -5150.804
3. Current log-likelihood: -5150.592
Optimal log-likelihood: -5150.592
Rate parameters:  A-C: 1.85597  A-G: 4.01358  A-T: 1.63515  C-G: 1.29333  C-T: 3.94766  G-T: 1.00000
Base frequencies:  A: 0.243  C: 0.269  G: 0.206  T: 0.283
Parameters optimization took 3 rounds (0.002 sec)
Wrote distance file to... 
BEST SCORE FOUND : -5150.592
Total tree length: 0.588

Total number of iterations: 0
CPU time used for tree search: 0.000 sec (0h:0m:0s)
Wall-clock time used for tree search: 0.000 sec (0h:0m:0s)
Total CPU time used: 0.097 sec (0h:0m:0s)
Total wall-clock time used: 0.103 sec (0h:0m:0s)

===> START BOOTSTRAP REPLICATE NUMBER 14

Creating bootstrap alignment (seed: 175796)...
Reading input tree file data/example_alignements/nt/Rhabdomeric1.nt.nwk ...

NOTE: 0 MB RAM (0 GB) is required!
Estimate model parameters (epsilon = 0.010)
1. Initial log-likelihood: -5236.836
2. Current log-likelihood: -5150.969
3. Current log-likelihood: -5150.738
Optimal log-likelihood: -5150.737
Rate parameters:  A-C: 2.12593  A-G: 3.17691  A-T: 1.83262  C-G: 1.83541  C-T: 5.19598  G-T: 1.00000
Base frequencies:  A: 0.264  C: 0.274  G: 0.219  T: 0.243
Parameters optimization took 3 rounds (0.002 sec)
Wrote distance file to... 
BEST SCORE FOUND : -5150.737
Total tree length: 0.597

Total number of iterations: 0
CPU time used for tree search: 0.000 sec (0h:0m:0s)
Wall-clock time used for tree search: 0.000 sec (0h:0m:0s)
Total CPU time used: 0.104 sec (0h:0m:0s)
Total wall-clock time used: 0.110 sec (0h:0m:0s)

===> START BOOTSTRAP REPLICATE NUMBER 15

Creating bootstrap alignment (seed: 175797)...
Reading input tree file data/example_alignements/nt/Rhabdomeric1.nt.nwk ...

NOTE: 0 MB RAM (0 GB) is required!
Estimate model parameters (epsilon = 0.010)
1. Initial log-likelihood: -5135.006
2. Current log-likelihood: -5052.242
3. Current log-likelihood: -5052.005
Optimal log-likelihood: -5052.004
Rate parameters:  A-C: 2.23848  A-G: 4.72173  A-T: 1.95872  C-G: 2.46306  C-T: 5.25448  G-T: 1.00000
Base frequencies:  A: 0.252  C: 0.264  G: 0.215  T: 0.268
Parameters optimization took 3 rounds (0.003 sec)
Wrote distance file to... 
BEST SCORE FOUND : -5052.004
Total tree length: 0.577

Total number of iterations: 0
CPU time used for tree search: 0.000 sec (0h:0m:0s)
Wall-clock time used for tree search: 0.000 sec (0h:0m:0s)
Total CPU time used: 0.111 sec (0h:0m:0s)
Total wall-clock time used: 0.118 sec (0h:0m:0s)

===> START BOOTSTRAP REPLICATE NUMBER 16

Creating bootstrap alignment (seed: 175798)...
Reading input tree file data/example_alignements/nt/Rhabdomeric1.nt.nwk ...

NOTE: 0 MB RAM (0 GB) is required!
Estimate model parameters (epsilon = 0.010)
1. Initial log-likelihood: -4969.500
2. Current log-likelihood: -4879.044
3. Current log-likelihood: -4878.617
Optimal log-likelihood: -4878.616
Rate parameters:  A-C: 2.01618  A-G: 4.43393  A-T: 2.22600  C-G: 1.61104  C-T: 5.17754  G-T: 1.00000
Base frequencies:  A: 0.259  C: 0.288  G: 0.202  T: 0.251
Parameters optimization took 3 rounds (0.002 sec)
Wrote distance file to... 
BEST SCORE FOUND : -4878.616
Total tree length: 0.549

Total number of iterations: 0
CPU time used for tree search: 0.000 sec (0h:0m:0s)
Wall-clock time used for tree search: 0.000 sec (0h:0m:0s)
Total CPU time used: 0.118 sec (0h:0m:0s)
Total wall-clock time used: 0.125 sec (0h:0m:0s)

===> START BOOTSTRAP REPLICATE NUMBER 17

Creating bootstrap alignment (seed: 175799)...
Reading input tree file data/example_alignements/nt/Rhabdomeric1.nt.nwk ...

NOTE: 0 MB RAM (0 GB) is required!
Estimate model parameters (epsilon = 0.010)
1. Initial log-likelihood: -5336.200
2. Current log-likelihood: -5227.597
3. Current log-likelihood: -5227.339
Optimal log-likelihood: -5227.338
Rate parameters:  A-C: 2.02307  A-G: 4.13094  A-T: 1.97408  C-G: 1.30596  C-T: 5.09096  G-T: 1.00000
Base frequencies:  A: 0.263  C: 0.284  G: 0.193  T: 0.261
Parameters optimization took 3 rounds (0.002 sec)
Wrote distance file to... 
BEST SCORE FOUND : -5227.338
Total tree length: 0.608

Total number of iterations: 0
CPU time used for tree search: 0.000 sec (0h:0m:0s)
Wall-clock time used for tree search: 0.000 sec (0h:0m:0s)
Total CPU time used: 0.125 sec (0h:0m:0s)
Total wall-clock time used: 0.132 sec (0h:0m:0s)

===> START BOOTSTRAP REPLICATE NUMBER 18

Creating bootstrap alignment (seed: 175800)...
Reading input tree file data/example_alignements/nt/Rhabdomeric1.nt.nwk ...

NOTE: 0 MB RAM (0 GB) is required!
Estimate model parameters (epsilon = 0.010)
1. Initial log-likelihood: -5153.287
2. Current log-likelihood: -5084.109
3. Current log-likelihood: -5083.970
Optimal log-likelihood: -5083.970
Rate parameters:  A-C: 1.90330  A-G: 2.83844  A-T: 1.40331  C-G: 1.58952  C-T: 4.12357  G-T: 1.00000
Base frequencies:  A: 0.275  C: 0.261  G: 0.210  T: 0.254
Parameters optimization took 3 rounds (0.002 sec)
Wrote distance file to... 
BEST SCORE FOUND : -5083.970
Total tree length: 0.587

Total number of iterations: 0
CPU time used for tree search: 0.000 sec (0h:0m:0s)
Wall-clock time used for tree search: 0.000 sec (0h:0m:0s)
Total CPU time used: 0.131 sec (0h:0m:0s)
Total wall-clock time used: 0.139 sec (0h:0m:0s)

===> START BOOTSTRAP REPLICATE NUMBER 19

Creating bootstrap alignment (seed: 175801)...
Reading input tree file data/example_alignements/nt/Rhabdomeric1.nt.nwk ...

NOTE: 0 MB RAM (0 GB) is required!
Estimate model parameters (epsilon = 0.010)
1. Initial log-likelihood: -5320.155
2. Current log-likelihood: -5224.348
3. Current log-likelihood: -5224.101
Optimal log-likelihood: -5224.100
Rate parameters:  A-C: 2.33580  A-G: 4.11621  A-T: 2.35273  C-G: 1.94164  C-T: 5.93770  G-T: 1.00000
Base frequencies:  A: 0.271  C: 0.262  G: 0.199  T: 0.267
Parameters optimization took 3 rounds (0.002 sec)
Wrote distance file to... 
BEST SCORE FOUND : -5224.100
Total tree length: 0.614

Total number of iterations: 0
CPU time used for tree search: 0.000 sec (0h:0m:0s)
Wall-clock time used for tree search: 0.000 sec (0h:0m:0s)
Total CPU time used: 0.138 sec (0h:0m:0s)
Total wall-clock time used: 0.146 sec (0h:0m:0s)

===> START BOOTSTRAP REPLICATE NUMBER 20

Creating bootstrap alignment (seed: 175802)...
Reading input tree file data/example_alignements/nt/Rhabdomeric1.nt.nwk ...

NOTE: 0 MB RAM (0 GB) is required!
Estimate model parameters (epsilon = 0.010)
1. Initial log-likelihood: -5276.277
2. Current log-likelihood: -5180.860
3. Current log-likelihood: -5180.664
Optimal log-likelihood: -5180.663
Rate parameters:  A-C: 1.47123  A-G: 3.19683  A-T: 1.41075  C-G: 1.37898  C-T: 4.09261  G-T: 1.00000
Base frequencies:  A: 0.263  C: 0.270  G: 0.203  T: 0.264
Parameters optimization took 3 rounds (0.002 sec)
Wrote distance file to... 
BEST SCORE FOUND : -5180.663
Total tree length: 0.605

Total number of iterations: 0
CPU time used for tree search: 0.000 sec (0h:0m:0s)
Wall-clock time used for tree search: 0.000 sec (0h:0m:0s)
Total CPU time used: 0.145 sec (0h:0m:0s)
Total wall-clock time used: 0.153 sec (0h:0m:0s)

===> START BOOTSTRAP REPLICATE NUMBER 21

Creating bootstrap alignment (seed: 175803)...
Reading input tree file data/example_alignements/nt/Rhabdomeric1.nt.nwk ...

NOTE: 0 MB RAM (0 GB) is required!
Estimate model parameters (epsilon = 0.010)
1. Initial log-likelihood: -5082.308
2. Current log-likelihood: -4992.541
3. Current log-likelihood: -4992.366
Optimal log-likelihood: -4992.366
Rate parameters:  A-C: 1.34035  A-G: 2.49159  A-T: 1.32768  C-G: 1.47450  C-T: 4.33818  G-T: 1.00000
Base frequencies:  A: 0.260  C: 0.257  G: 0.229  T: 0.254
Parameters optimization took 3 rounds (0.002 sec)
Wrote distance file to... 
BEST SCORE FOUND : -4992.366
Total tree length: 0.567

Total number of iterations: 0
CPU time used for tree search: 0.000 sec (0h:0m:0s)
Wall-clock time used for tree search: 0.000 sec (0h:0m:0s)
Total CPU time used: 0.151 sec (0h:0m:0s)
Total wall-clock time used: 0.160 sec (0h:0m:0s)

===> START BOOTSTRAP REPLICATE NUMBER 22

Creating bootstrap alignment (seed: 175804)...
Reading input tree file data/example_alignements/nt/Rhabdomeric1.nt.nwk ...

NOTE: 0 MB RAM (0 GB) is required!
Estimate model parameters (epsilon = 0.010)
1. Initial log-likelihood: -5137.556
2. Current log-likelihood: -5045.999
3. Current log-likelihood: -5045.727
Optimal log-likelihood: -5045.727
Rate parameters:  A-C: 3.93704  A-G: 6.49627  A-T: 3.68731  C-G: 3.11870  C-T: 8.65098  G-T: 1.00000
Base frequencies:  A: 0.269  C: 0.269  G: 0.189  T: 0.273
Parameters optimization took 3 rounds (0.003 sec)
Wrote distance file to... 
BEST SCORE FOUND : -5045.727
Total tree length: 0.591

Total number of iterations: 0
CPU time used for tree search: 0.000 sec (0h:0m:0s)
Wall-clock time used for tree search: 0.000 sec (0h:0m:0s)
Total CPU time used: 0.159 sec (0h:0m:0s)
Total wall-clock time used: 0.167 sec (0h:0m:0s)

===> START BOOTSTRAP REPLICATE NUMBER 23

Creating bootstrap alignment (seed: 175805)...
Reading input tree file data/example_alignements/nt/Rhabdomeric1.nt.nwk ...

NOTE: 0 MB RAM (0 GB) is required!
Estimate model parameters (epsilon = 0.010)
1. Initial log-likelihood: -5372.935
2. Current log-likelihood: -5298.144
3. Current log-likelihood: -5297.916
Optimal log-likelihood: -5297.916
Rate parameters:  A-C: 1.76080  A-G: 2.91158  A-T: 1.61102  C-G: 1.67208  C-T: 4.02985  G-T: 1.00000
Base frequencies:  A: 0.256  C: 0.259  G: 0.215  T: 0.270
Parameters optimization took 3 rounds (0.002 sec)
Wrote distance file to... 
BEST SCORE FOUND : -5297.916
Total tree length: 0.644

Total number of iterations: 0
CPU time used for tree search: 0.000 sec (0h:0m:0s)
Wall-clock time used for tree search: 0.000 sec (0h:0m:0s)
Total CPU time used: 0.166 sec (0h:0m:0s)
Total wall-clock time used: 0.175 sec (0h:0m:0s)

===> START BOOTSTRAP REPLICATE NUMBER 24

Creating bootstrap alignment (seed: 175806)...
Reading input tree file data/example_alignements/nt/Rhabdomeric1.nt.nwk ...

NOTE: 0 MB RAM (0 GB) is required!
Estimate model parameters (epsilon = 0.010)
1. Initial log-likelihood: -5230.754
2. Current log-likelihood: -5147.735
3. Current log-likelihood: -5147.575
Optimal log-likelihood: -5147.575
Rate parameters:  A-C: 2.41530  A-G: 4.33031  A-T: 1.80989  C-G: 2.49043  C-T: 5.27055  G-T: 1.00000
Base frequencies:  A: 0.268  C: 0.268  G: 0.206  T: 0.258
Parameters optimization took 3 rounds (0.002 sec)
Wrote distance file to... 
BEST SCORE FOUND : -5147.575
Total tree length: 0.608

Total number of iterations: 0
CPU time used for tree search: 0.000 sec (0h:0m:0s)
Wall-clock time used for tree search: 0.000 sec (0h:0m:0s)
Total CPU time used: 0.172 sec (0h:0m:0s)
Total wall-clock time used: 0.182 sec (0h:0m:0s)

===> START BOOTSTRAP REPLICATE NUMBER 25

Creating bootstrap alignment (seed: 175807)...
Reading input tree file data/example_alignements/nt/Rhabdomeric1.nt.nwk ...

NOTE: 0 MB RAM (0 GB) is required!
Estimate model parameters (epsilon = 0.010)
1. Initial log-likelihood: -5304.879
2. Current log-likelihood: -5228.259
3. Current log-likelihood: -5228.060
Optimal log-likelihood: -5228.060
Rate parameters:  A-C: 1.78061  A-G: 3.46283  A-T: 2.15277  C-G: 1.87248  C-T: 4.68313  G-T: 1.00000
Base frequencies:  A: 0.254  C: 0.275  G: 0.198  T: 0.273
Parameters optimization took 3 rounds (0.002 sec)
Wrote distance file to... 
BEST SCORE FOUND : -5228.060
Total tree length: 0.610

Total number of iterations: 0
CPU time used for tree search: 0.000 sec (0h:0m:0s)
Wall-clock time used for tree search: 0.000 sec (0h:0m:0s)
Total CPU time used: 0.179 sec (0h:0m:0s)
Total wall-clock time used: 0.189 sec (0h:0m:0s)

===> START BOOTSTRAP REPLICATE NUMBER 26

Creating bootstrap alignment (seed: 175808)...
Reading input tree file data/example_alignements/nt/Rhabdomeric1.nt.nwk ...

NOTE: 0 MB RAM (0 GB) is required!
Estimate model parameters (epsilon = 0.010)
1. Initial log-likelihood: -5153.169
2. Current log-likelihood: -5060.956
3. Current log-likelihood: -5060.722
Optimal log-likelihood: -5060.722
Rate parameters:  A-C: 2.74072  A-G: 4.93926  A-T: 2.47890  C-G: 2.21533  C-T: 6.36845  G-T: 1.00000
Base frequencies:  A: 0.249  C: 0.275  G: 0.200  T: 0.276
Parameters optimization took 3 rounds (0.003 sec)
Wrote distance file to... 
BEST SCORE FOUND : -5060.722
Total tree length: 0.584

Total number of iterations: 0
CPU time used for tree search: 0.000 sec (0h:0m:0s)
Wall-clock time used for tree search: 0.000 sec (0h:0m:0s)
Total CPU time used: 0.186 sec (0h:0m:0s)
Total wall-clock time used: 0.197 sec (0h:0m:0s)

===> START BOOTSTRAP REPLICATE NUMBER 27

Creating bootstrap alignment (seed: 175809)...
Reading input tree file data/example_alignements/nt/Rhabdomeric1.nt.nwk ...

NOTE: 0 MB RAM (0 GB) is required!
Estimate model parameters (epsilon = 0.010)
1. Initial log-likelihood: -5456.472
2. Current log-likelihood: -5373.260
3. Current log-likelihood: -5373.062
Optimal log-likelihood: -5373.062
Rate parameters:  A-C: 2.20829  A-G: 3.68719  A-T: 1.36147  C-G: 1.50817  C-T: 3.74817  G-T: 1.00000
Base frequencies:  A: 0.248  C: 0.288  G: 0.194  T: 0.270
Parameters optimization took 3 rounds (0.002 sec)
Wrote distance file to... 
BEST SCORE FOUND : -5373.062
Total tree length: 0.658

Total number of iterations: 0
CPU time used for tree search: 0.000 sec (0h:0m:0s)
Wall-clock time used for tree search: 0.000 sec (0h:0m:0s)
Total CPU time used: 0.193 sec (0h:0m:0s)
Total wall-clock time used: 0.204 sec (0h:0m:0s)

===> START BOOTSTRAP REPLICATE NUMBER 28

Creating bootstrap alignment (seed: 175810)...
Reading input tree file data/example_alignements/nt/Rhabdomeric1.nt.nwk ...

NOTE: 0 MB RAM (0 GB) is required!
Estimate model parameters (epsilon = 0.010)
1. Initial log-likelihood: -5058.454
2. Current log-likelihood: -4962.555
3. Current log-likelihood: -4962.177
Optimal log-likelihood: -4962.177
Rate parameters:  A-C: 3.32556  A-G: 3.73750  A-T: 1.89919  C-G: 2.12360  C-T: 6.66402  G-T: 1.00000
Base frequencies:  A: 0.280  C: 0.255  G: 0.215  T: 0.250
Parameters optimization took 3 rounds (0.002 sec)
Wrote distance file to... 
BEST SCORE FOUND : -4962.177
Total tree length: 0.572

Total number of iterations: 0
CPU time used for tree search: 0.000 sec (0h:0m:0s)
Wall-clock time used for tree search: 0.000 sec (0h:0m:0s)
Total CPU time used: 0.200 sec (0h:0m:0s)
Total wall-clock time used: 0.211 sec (0h:0m:0s)

===> START BOOTSTRAP REPLICATE NUMBER 29

Creating bootstrap alignment (seed: 175811)...
Reading input tree file data/example_alignements/nt/Rhabdomeric1.nt.nwk ...

NOTE: 0 MB RAM (0 GB) is required!
Estimate model parameters (epsilon = 0.010)
1. Initial log-likelihood: -5388.966
2. Current log-likelihood: -5327.045
3. Current log-likelihood: -5326.917
Optimal log-likelihood: -5326.917
Rate parameters:  A-C: 1.95217  A-G: 3.13311  A-T: 1.44697  C-G: 1.51330  C-T: 3.59454  G-T: 1.00000
Base frequencies:  A: 0.265  C: 0.272  G: 0.187  T: 0.275
Parameters optimization took 3 rounds (0.002 sec)
Wrote distance file to... 
BEST SCORE FOUND : -5326.917
Total tree length: 0.629

Total number of iterations: 0
CPU time used for tree search: 0.000 sec (0h:0m:0s)
Wall-clock time used for tree search: 0.000 sec (0h:0m:0s)
Total CPU time used: 0.207 sec (0h:0m:0s)
Total wall-clock time used: 0.218 sec (0h:0m:0s)

===> START BOOTSTRAP REPLICATE NUMBER 30

Creating bootstrap alignment (seed: 175812)...
Reading input tree file data/example_alignements/nt/Rhabdomeric1.nt.nwk ...

NOTE: 0 MB RAM (0 GB) is required!
Estimate model parameters (epsilon = 0.010)
1. Initial log-likelihood: -5297.799
2. Current log-likelihood: -5195.273
3. Current log-likelihood: -5195.073
Optimal log-likelihood: -5195.073
Rate parameters:  A-C: 2.48784  A-G: 4.69904  A-T: 2.61707  C-G: 2.13619  C-T: 6.37193  G-T: 1.00000
Base frequencies:  A: 0.250  C: 0.260  G: 0.219  T: 0.271
Parameters optimization took 3 rounds (0.002 sec)
Wrote distance file to... 
BEST SCORE FOUND : -5195.073
Total tree length: 0.634

Total number of iterations: 0
CPU time used for tree search: 0.000 sec (0h:0m:0s)
Wall-clock time used for tree search: 0.000 sec (0h:0m:0s)
Total CPU time used: 0.214 sec (0h:0m:0s)
Total wall-clock time used: 0.225 sec (0h:0m:0s)

===> START BOOTSTRAP REPLICATE NUMBER 31

Creating bootstrap alignment (seed: 175813)...
Reading input tree file data/example_alignements/nt/Rhabdomeric1.nt.nwk ...

NOTE: 0 MB RAM (0 GB) is required!
Estimate model parameters (epsilon = 0.010)
1. Initial log-likelihood: -5127.620
2. Current log-likelihood: -5036.379
3. Current log-likelihood: -5036.089
Optimal log-likelihood: -5036.086
Rate parameters:  A-C: 1.94263  A-G: 3.26601  A-T: 1.06577  C-G: 2.00516  C-T: 4.68782  G-T: 1.00000
Base frequencies:  A: 0.280  C: 0.255  G: 0.199  T: 0.265
Parameters optimization took 3 rounds (0.003 sec)
Wrote distance file to... 
BEST SCORE FOUND : -5036.086
Total tree length: 0.579

Total number of iterations: 0
CPU time used for tree search: 0.000 sec (0h:0m:0s)
Wall-clock time used for tree search: 0.000 sec (0h:0m:0s)
Total CPU time used: 0.221 sec (0h:0m:0s)
Total wall-clock time used: 0.233 sec (0h:0m:0s)

===> START BOOTSTRAP REPLICATE NUMBER 32

Creating bootstrap alignment (seed: 175814)...
Reading input tree file data/example_alignements/nt/Rhabdomeric1.nt.nwk ...

NOTE: 0 MB RAM (0 GB) is required!
Estimate model parameters (epsilon = 0.010)
1. Initial log-likelihood: -5219.252
2. Current log-likelihood: -5159.743
3. Current log-likelihood: -5159.622
Optimal log-likelihood: -5159.621
Rate parameters:  A-C: 1.75143  A-G: 2.25001  A-T: 1.32754  C-G: 1.28945  C-T: 3.36447  G-T: 1.00000
Base frequencies:  A: 0.268  C: 0.265  G: 0.200  T: 0.266
Parameters optimization took 3 rounds (0.002 sec)
Wrote distance file to... 
BEST SCORE FOUND : -5159.621
Total tree length: 0.608

Total number of iterations: 0
CPU time used for tree search: 0.000 sec (0h:0m:0s)
Wall-clock time used for tree search: 0.000 sec (0h:0m:0s)
Total CPU time used: 0.227 sec (0h:0m:0s)
Total wall-clock time used: 0.241 sec (0h:0m:0s)

===> START BOOTSTRAP REPLICATE NUMBER 33

Creating bootstrap alignment (seed: 175815)...
Reading input tree file data/example_alignements/nt/Rhabdomeric1.nt.nwk ...

NOTE: 0 MB RAM (0 GB) is required!
Estimate model parameters (epsilon = 0.010)
1. Initial log-likelihood: -5135.320
2. Current log-likelihood: -5052.686
3. Current log-likelihood: -5052.564
Optimal log-likelihood: -5052.563
Rate parameters:  A-C: 1.89310  A-G: 3.52828  A-T: 2.05737  C-G: 2.18389  C-T: 4.90074  G-T: 1.00000
Base frequencies:  A: 0.261  C: 0.246  G: 0.199  T: 0.295
Parameters optimization took 3 rounds (0.002 sec)
Wrote distance file to... 
BEST SCORE FOUND : -5052.563
Total tree length: 0.587

Total number of iterations: 0
CPU time used for tree search: 0.000 sec (0h:0m:0s)
Wall-clock time used for tree search: 0.000 sec (0h:0m:0s)
Total CPU time used: 0.234 sec (0h:0m:0s)
Total wall-clock time used: 0.249 sec (0h:0m:0s)

===> START BOOTSTRAP REPLICATE NUMBER 34

Creating bootstrap alignment (seed: 175816)...
Reading input tree file data/example_alignements/nt/Rhabdomeric1.nt.nwk ...

NOTE: 0 MB RAM (0 GB) is required!
Estimate model parameters (epsilon = 0.010)
1. Initial log-likelihood: -5475.349
2. Current log-likelihood: -5385.801
3. Current log-likelihood: -5385.511
Optimal log-likelihood: -5385.511
Rate parameters:  A-C: 2.03496  A-G: 3.44426  A-T: 2.09489  C-G: 1.52821  C-T: 5.07385  G-T: 1.00000
Base frequencies:  A: 0.284  C: 0.258  G: 0.202  T: 0.256
Parameters optimization took 3 rounds (0.003 sec)
Wrote distance file to... 
BEST SCORE FOUND : -5385.511
Total tree length: 0.654

Total number of iterations: 0
CPU time used for tree search: 0.000 sec (0h:0m:0s)
Wall-clock time used for tree search: 0.000 sec (0h:0m:0s)
Total CPU time used: 0.241 sec (0h:0m:0s)
Total wall-clock time used: 0.256 sec (0h:0m:0s)

===> START BOOTSTRAP REPLICATE NUMBER 35

Creating bootstrap alignment (seed: 175817)...
Reading input tree file data/example_alignements/nt/Rhabdomeric1.nt.nwk ...

NOTE: 0 MB RAM (0 GB) is required!
Estimate model parameters (epsilon = 0.010)
1. Initial log-likelihood: -4883.938
2. Current log-likelihood: -4815.693
3. Current log-likelihood: -4815.589
Optimal log-likelihood: -4815.589
Rate parameters:  A-C: 1.90587  A-G: 3.24008  A-T: 1.60531  C-G: 1.69453  C-T: 4.01640  G-T: 1.00000
Base frequencies:  A: 0.249  C: 0.288  G: 0.201  T: 0.262
Parameters optimization took 3 rounds (0.003 sec)
Wrote distance file to... 
BEST SCORE FOUND : -4815.589
Total tree length: 0.522

Total number of iterations: 0
CPU time used for tree search: 0.000 sec (0h:0m:0s)
Wall-clock time used for tree search: 0.000 sec (0h:0m:0s)
Total CPU time used: 0.249 sec (0h:0m:0s)
Total wall-clock time used: 0.264 sec (0h:0m:0s)

===> START BOOTSTRAP REPLICATE NUMBER 36

Creating bootstrap alignment (seed: 175818)...
Reading input tree file data/example_alignements/nt/Rhabdomeric1.nt.nwk ...

NOTE: 0 MB RAM (0 GB) is required!
Estimate model parameters (epsilon = 0.010)
1. Initial log-likelihood: -5206.726
2. Current log-likelihood: -5123.159
3. Current log-likelihood: -5122.980
Optimal log-likelihood: -5122.979
Rate parameters:  A-C: 2.04970  A-G: 3.40114  A-T: 2.16215  C-G: 2.09569  C-T: 5.55231  G-T: 1.00000
Base frequencies:  A: 0.259  C: 0.260  G: 0.230  T: 0.251
Parameters optimization took 3 rounds (0.002 sec)
Wrote distance file to... 
BEST SCORE FOUND : -5122.979
Total tree length: 0.579

Total number of iterations: 0
CPU time used for tree search: 0.000 sec (0h:0m:0s)
Wall-clock time used for tree search: 0.000 sec (0h:0m:0s)
Total CPU time used: 0.255 sec (0h:0m:0s)
Total wall-clock time used: 0.271 sec (0h:0m:0s)

===> START BOOTSTRAP REPLICATE NUMBER 37

Creating bootstrap alignment (seed: 175819)...
Reading input tree file data/example_alignements/nt/Rhabdomeric1.nt.nwk ...

NOTE: 0 MB RAM (0 GB) is required!
Estimate model parameters (epsilon = 0.010)
1. Initial log-likelihood: -5108.078
2. Current log-likelihood: -5033.186
3. Current log-likelihood: -5033.079
Optimal log-likelihood: -5033.077
Rate parameters:  A-C: 1.83275  A-G: 3.48958  A-T: 1.54736  C-G: 1.06835  C-T: 3.39652  G-T: 1.00000
Base frequencies:  A: 0.256  C: 0.276  G: 0.211  T: 0.257
Parameters optimization took 3 rounds (0.002 sec)
Wrote distance file to... 
BEST SCORE FOUND : -5033.077
Total tree length: 0.558

Total number of iterations: 0
CPU time used for tree search: 0.000 sec (0h:0m:0s)
Wall-clock time used for tree search: 0.000 sec (0h:0m:0s)
Total CPU time used: 0.262 sec (0h:0m:0s)
Total wall-clock time used: 0.278 sec (0h:0m:0s)

===> START BOOTSTRAP REPLICATE NUMBER 38

Creating bootstrap alignment (seed: 175820)...
Reading input tree file data/example_alignements/nt/Rhabdomeric1.nt.nwk ...

NOTE: 0 MB RAM (0 GB) is required!
Estimate model parameters (epsilon = 0.010)
1. Initial log-likelihood: -5226.530
2. Current log-likelihood: -5138.659
3. Current log-likelihood: -5138.411
Optimal log-likelihood: -5138.411
Rate parameters:  A-C: 1.91106  A-G: 3.09381  A-T: 1.96873  C-G: 1.59362  C-T: 5.12163  G-T: 1.00000
Base frequencies:  A: 0.281  C: 0.246  G: 0.221  T: 0.253
Parameters optimization took 3 rounds (0.002 sec)
Wrote distance file to... 
BEST SCORE FOUND : -5138.411
Total tree length: 0.603

Total number of iterations: 0
CPU time used for tree search: 0.000 sec (0h:0m:0s)
Wall-clock time used for tree search: 0.000 sec (0h:0m:0s)
Total CPU time used: 0.268 sec (0h:0m:0s)
Total wall-clock time used: 0.285 sec (0h:0m:0s)

===> START BOOTSTRAP REPLICATE NUMBER 39

Creating bootstrap alignment (seed: 175821)...
Reading input tree file data/example_alignements/nt/Rhabdomeric1.nt.nwk ...

NOTE: 0 MB RAM (0 GB) is required!
Estimate model parameters (epsilon = 0.010)
1. Initial log-likelihood: -5134.320
2. Current log-likelihood: -5048.417
3. Current log-likelihood: -5048.107
Optimal log-likelihood: -5048.106
Rate parameters:  A-C: 2.25573  A-G: 3.76069  A-T: 2.11683  C-G: 2.35044  C-T: 5.95195  G-T: 1.00000
Base frequencies:  A: 0.257  C: 0.268  G: 0.209  T: 0.266
Parameters optimization took 3 rounds (0.002 sec)
Wrote distance file to... 
BEST SCORE FOUND : -5048.106
Total tree length: 0.583

Total number of iterations: 0
CPU time used for tree search: 0.000 sec (0h:0m:0s)
Wall-clock time used for tree search: 0.000 sec (0h:0m:0s)
Total CPU time used: 0.275 sec (0h:0m:0s)
Total wall-clock time used: 0.292 sec (0h:0m:0s)

===> START BOOTSTRAP REPLICATE NUMBER 40

Creating bootstrap alignment (seed: 175822)...
Reading input tree file data/example_alignements/nt/Rhabdomeric1.nt.nwk ...

NOTE: 0 MB RAM (0 GB) is required!
Estimate model parameters (epsilon = 0.010)
1. Initial log-likelihood: -5290.903
2. Current log-likelihood: -5209.731
3. Current log-likelihood: -5209.413
Optimal log-likelihood: -5209.413
Rate parameters:  A-C: 2.25065  A-G: 2.84875  A-T: 1.60730  C-G: 1.66149  C-T: 4.69397  G-T: 1.00000
Base frequencies:  A: 0.252  C: 0.267  G: 0.217  T: 0.263
Parameters optimization took 3 rounds (0.002 sec)
Wrote distance file to... 
BEST SCORE FOUND : -5209.413
Total tree length: 0.615

Total number of iterations: 0
CPU time used for tree search: 0.000 sec (0h:0m:0s)
Wall-clock time used for tree search: 0.000 sec (0h:0m:0s)
Total CPU time used: 0.282 sec (0h:0m:0s)
Total wall-clock time used: 0.299 sec (0h:0m:0s)

===> START BOOTSTRAP REPLICATE NUMBER 41

Creating bootstrap alignment (seed: 175823)...
Reading input tree file data/example_alignements/nt/Rhabdomeric1.nt.nwk ...

NOTE: 0 MB RAM (0 GB) is required!
Estimate model parameters (epsilon = 0.010)
1. Initial log-likelihood: -5197.188
2. Current log-likelihood: -5116.715
3. Current log-likelihood: -5116.482
Optimal log-likelihood: -5116.477
Rate parameters:  A-C: 1.72185  A-G: 3.72771  A-T: 1.84923  C-G: 1.57701  C-T: 4.45801  G-T: 1.00000
Base frequencies:  A: 0.256  C: 0.262  G: 0.205  T: 0.277
Parameters optimization took 3 rounds (0.002 sec)
Wrote distance file to... 
BEST SCORE FOUND : -5116.477
Total tree length: 0.612

Total number of iterations: 0
CPU time used for tree search: 0.000 sec (0h:0m:0s)
Wall-clock time used for tree search: 0.000 sec (0h:0m:0s)
Total CPU time used: 0.289 sec (0h:0m:0s)
Total wall-clock time used: 0.306 sec (0h:0m:0s)

===> START BOOTSTRAP REPLICATE NUMBER 42

Creating bootstrap alignment (seed: 175824)...
Reading input tree file data/example_alignements/nt/Rhabdomeric1.nt.nwk ...

NOTE: 0 MB RAM (0 GB) is required!
Estimate model parameters (epsilon = 0.010)
1. Initial log-likelihood: -5114.707
2. Current log-likelihood: -5026.014
3. Current log-likelihood: -5025.744
Optimal log-likelihood: -5025.743
Rate parameters:  A-C: 2.30425  A-G: 3.60634  A-T: 2.46600  C-G: 2.09885  C-T: 5.78582  G-T: 1.00000
Base frequencies:  A: 0.245  C: 0.274  G: 0.214  T: 0.267
Parameters optimization took 3 rounds (0.002 sec)
Wrote distance file to... 
BEST SCORE FOUND : -5025.743
Total tree length: 0.562

Total number of iterations: 0
CPU time used for tree search: 0.000 sec (0h:0m:0s)
Wall-clock time used for tree search: 0.000 sec (0h:0m:0s)
Total CPU time used: 0.296 sec (0h:0m:0s)
Total wall-clock time used: 0.313 sec (0h:0m:0s)

===> START BOOTSTRAP REPLICATE NUMBER 43

Creating bootstrap alignment (seed: 175825)...
Reading input tree file data/example_alignements/nt/Rhabdomeric1.nt.nwk ...

NOTE: 0 MB RAM (0 GB) is required!
Estimate model parameters (epsilon = 0.010)
1. Initial log-likelihood: -5042.586
2. Current log-likelihood: -5000.658
3. Current log-likelihood: -5000.505
Optimal log-likelihood: -5000.504
Rate parameters:  A-C: 1.30862  A-G: 1.54344  A-T: 1.14640  C-G: 1.04340  C-T: 2.60611  G-T: 1.00000
Base frequencies:  A: 0.273  C: 0.260  G: 0.199  T: 0.267
Parameters optimization took 3 rounds (0.002 sec)
Wrote distance file to... 
BEST SCORE FOUND : -5000.504
Total tree length: 0.562

Total number of iterations: 0
CPU time used for tree search: 0.000 sec (0h:0m:0s)
Wall-clock time used for tree search: 0.000 sec (0h:0m:0s)
Total CPU time used: 0.302 sec (0h:0m:0s)
Total wall-clock time used: 0.320 sec (0h:0m:0s)

===> START BOOTSTRAP REPLICATE NUMBER 44

Creating bootstrap alignment (seed: 175826)...
Reading input tree file data/example_alignements/nt/Rhabdomeric1.nt.nwk ...

NOTE: 0 MB RAM (0 GB) is required!
Estimate model parameters (epsilon = 0.010)
1. Initial log-likelihood: -5580.337
2. Current log-likelihood: -5466.661
3. Current log-likelihood: -5466.303
Optimal log-likelihood: -5466.302
Rate parameters:  A-C: 2.29339  A-G: 4.01482  A-T: 1.69513  C-G: 1.34368  C-T: 4.86852  G-T: 1.00000
Base frequencies:  A: 0.248  C: 0.268  G: 0.218  T: 0.266
Parameters optimization took 3 rounds (0.003 sec)
Wrote distance file to... 
BEST SCORE FOUND : -5466.302
Total tree length: 0.673

Total number of iterations: 0
CPU time used for tree search: 0.000 sec (0h:0m:0s)
Wall-clock time used for tree search: 0.000 sec (0h:0m:0s)
Total CPU time used: 0.310 sec (0h:0m:0s)
Total wall-clock time used: 0.328 sec (0h:0m:0s)

===> START BOOTSTRAP REPLICATE NUMBER 45

Creating bootstrap alignment (seed: 175827)...
Reading input tree file data/example_alignements/nt/Rhabdomeric1.nt.nwk ...

NOTE: 0 MB RAM (0 GB) is required!
Estimate model parameters (epsilon = 0.010)
1. Initial log-likelihood: -5181.654
2. Current log-likelihood: -5091.577
3. Current log-likelihood: -5091.108
Optimal log-likelihood: -5091.107
Rate parameters:  A-C: 2.14442  A-G: 3.75480  A-T: 2.78688  C-G: 2.04893  C-T: 6.30234  G-T: 1.00000
Base frequencies:  A: 0.253  C: 0.264  G: 0.232  T: 0.251
Parameters optimization took 3 rounds (0.003 sec)
Wrote distance file to... 
BEST SCORE FOUND : -5091.107
Total tree length: 0.609

Total number of iterations: 0
CPU time used for tree search: 0.000 sec (0h:0m:0s)
Wall-clock time used for tree search: 0.000 sec (0h:0m:0s)
Total CPU time used: 0.317 sec (0h:0m:0s)
Total wall-clock time used: 0.335 sec (0h:0m:0s)

===> START BOOTSTRAP REPLICATE NUMBER 46

Creating bootstrap alignment (seed: 175828)...
Reading input tree file data/example_alignements/nt/Rhabdomeric1.nt.nwk ...

NOTE: 0 MB RAM (0 GB) is required!
Estimate model parameters (epsilon = 0.010)
1. Initial log-likelihood: -5209.358
2. Current log-likelihood: -5133.940
3. Current log-likelihood: -5133.669
Optimal log-likelihood: -5133.669
Rate parameters:  A-C: 1.41533  A-G: 2.76651  A-T: 1.39262  C-G: 1.61260  C-T: 3.82158  G-T: 1.00000
Base frequencies:  A: 0.281  C: 0.262  G: 0.206  T: 0.252
Parameters optimization took 3 rounds (0.003 sec)
Wrote distance file to... 
BEST SCORE FOUND : -5133.669
Total tree length: 0.612

Total number of iterations: 0
CPU time used for tree search: 0.000 sec (0h:0m:0s)
Wall-clock time used for tree search: 0.000 sec (0h:0m:0s)
Total CPU time used: 0.324 sec (0h:0m:0s)
Total wall-clock time used: 0.343 sec (0h:0m:0s)

===> START BOOTSTRAP REPLICATE NUMBER 47

Creating bootstrap alignment (seed: 175829)...
Reading input tree file data/example_alignements/nt/Rhabdomeric1.nt.nwk ...

NOTE: 0 MB RAM (0 GB) is required!
Estimate model parameters (epsilon = 0.010)
1. Initial log-likelihood: -5428.795
2. Current log-likelihood: -5300.448
3. Current log-likelihood: -5300.035
Optimal log-likelihood: -5300.034
Rate parameters:  A-C: 2.71375  A-G: 5.28154  A-T: 2.05371  C-G: 1.97291  C-T: 6.79754  G-T: 1.00000
Base frequencies:  A: 0.254  C: 0.254  G: 0.203  T: 0.290
Parameters optimization took 3 rounds (0.003 sec)
Wrote distance file to... 
BEST SCORE FOUND : -5300.034
Total tree length: 0.646

Total number of iterations: 0
CPU time used for tree search: 0.000 sec (0h:0m:0s)
Wall-clock time used for tree search: 0.000 sec (0h:0m:0s)
Total CPU time used: 0.331 sec (0h:0m:0s)
Total wall-clock time used: 0.350 sec (0h:0m:0s)

===> START BOOTSTRAP REPLICATE NUMBER 48

Creating bootstrap alignment (seed: 175830)...
Reading input tree file data/example_alignements/nt/Rhabdomeric1.nt.nwk ...

NOTE: 0 MB RAM (0 GB) is required!
Estimate model parameters (epsilon = 0.010)
1. Initial log-likelihood: -5317.368
2. Current log-likelihood: -5241.515
3. Current log-likelihood: -5241.309
Optimal log-likelihood: -5241.308
Rate parameters:  A-C: 2.01460  A-G: 3.63227  A-T: 1.75805  C-G: 1.90706  C-T: 4.60622  G-T: 1.00000
Base frequencies:  A: 0.260  C: 0.273  G: 0.189  T: 0.278
Parameters optimization took 3 rounds (0.002 sec)
Wrote distance file to... 
BEST SCORE FOUND : -5241.308
Total tree length: 0.615

Total number of iterations: 0
CPU time used for tree search: 0.000 sec (0h:0m:0s)
Wall-clock time used for tree search: 0.000 sec (0h:0m:0s)
Total CPU time used: 0.338 sec (0h:0m:0s)
Total wall-clock time used: 0.358 sec (0h:0m:0s)

===> START BOOTSTRAP REPLICATE NUMBER 49

Creating bootstrap alignment (seed: 175831)...
Reading input tree file data/example_alignements/nt/Rhabdomeric1.nt.nwk ...

NOTE: 0 MB RAM (0 GB) is required!
Estimate model parameters (epsilon = 0.010)
1. Initial log-likelihood: -5206.762
2. Current log-likelihood: -5140.966
3. Current log-likelihood: -5140.825
Optimal log-likelihood: -5140.825
Rate parameters:  A-C: 1.79177  A-G: 3.00878  A-T: 1.60151  C-G: 1.08279  C-T: 3.19919  G-T: 1.00000
Base frequencies:  A: 0.253  C: 0.262  G: 0.208  T: 0.277
Parameters optimization took 3 rounds (0.003 sec)
Wrote distance file to... 
BEST SCORE FOUND : -5140.825
Total tree length: 0.585

Total number of iterations: 0
CPU time used for tree search: 0.000 sec (0h:0m:0s)
Wall-clock time used for tree search: 0.000 sec (0h:0m:0s)
Total CPU time used: 0.346 sec (0h:0m:0s)
Total wall-clock time used: 0.365 sec (0h:0m:0s)

===> START BOOTSTRAP REPLICATE NUMBER 50

Creating bootstrap alignment (seed: 175832)...
Reading input tree file data/example_alignements/nt/Rhabdomeric1.nt.nwk ...

NOTE: 0 MB RAM (0 GB) is required!
Estimate model parameters (epsilon = 0.010)
1. Initial log-likelihood: -5302.866
2. Current log-likelihood: -5196.102
3. Current log-likelihood: -5195.670
Optimal log-likelihood: -5195.669
Rate parameters:  A-C: 2.04175  A-G: 3.38670  A-T: 1.85125  C-G: 1.42068  C-T: 5.73224  G-T: 1.00000
Base frequencies:  A: 0.265  C: 0.274  G: 0.213  T: 0.248
Parameters optimization took 3 rounds (0.003 sec)
Wrote distance file to... 
BEST SCORE FOUND : -5195.669
Total tree length: 0.610

Total number of iterations: 0
CPU time used for tree search: 0.000 sec (0h:0m:0s)
Wall-clock time used for tree search: 0.000 sec (0h:0m:0s)
Total CPU time used: 0.353 sec (0h:0m:0s)
Total wall-clock time used: 0.373 sec (0h:0m:0s)

===> START BOOTSTRAP REPLICATE NUMBER 51

Creating bootstrap alignment (seed: 175833)...
Reading input tree file data/example_alignements/nt/Rhabdomeric1.nt.nwk ...

NOTE: 0 MB RAM (0 GB) is required!
Estimate model parameters (epsilon = 0.010)
1. Initial log-likelihood: -5323.129
2. Current log-likelihood: -5217.400
3. Current log-likelihood: -5216.962
Optimal log-likelihood: -5216.961
Rate parameters:  A-C: 3.53169  A-G: 6.28929  A-T: 2.66183  C-G: 2.37123  C-T: 7.15196  G-T: 1.00000
Base frequencies:  A: 0.271  C: 0.250  G: 0.202  T: 0.277
Parameters optimization took 3 rounds (0.003 sec)
Wrote distance file to... 
BEST SCORE FOUND : -5216.961
Total tree length: 0.615

Total number of iterations: 0
CPU time used for tree search: 0.000 sec (0h:0m:0s)
Wall-clock time used for tree search: 0.000 sec (0h:0m:0s)
Total CPU time used: 0.360 sec (0h:0m:0s)
Total wall-clock time used: 0.380 sec (0h:0m:0s)

===> START BOOTSTRAP REPLICATE NUMBER 52

Creating bootstrap alignment (seed: 175834)...
Reading input tree file data/example_alignements/nt/Rhabdomeric1.nt.nwk ...

NOTE: 0 MB RAM (0 GB) is required!
Estimate model parameters (epsilon = 0.010)
1. Initial log-likelihood: -5351.000
2. Current log-likelihood: -5252.057
3. Current log-likelihood: -5251.768
Optimal log-likelihood: -5251.768
Rate parameters:  A-C: 3.39597  A-G: 4.24461  A-T: 2.26559  C-G: 2.77239  C-T: 7.32754  G-T: 1.00000
Base frequencies:  A: 0.259  C: 0.259  G: 0.216  T: 0.266
Parameters optimization took 3 rounds (0.003 sec)
Wrote distance file to... 
BEST SCORE FOUND : -5251.768
Total tree length: 0.624

Total number of iterations: 0
CPU time used for tree search: 0.000 sec (0h:0m:0s)
Wall-clock time used for tree search: 0.000 sec (0h:0m:0s)
Total CPU time used: 0.367 sec (0h:0m:0s)
Total wall-clock time used: 0.388 sec (0h:0m:0s)

===> START BOOTSTRAP REPLICATE NUMBER 53

Creating bootstrap alignment (seed: 175835)...
Reading input tree file data/example_alignements/nt/Rhabdomeric1.nt.nwk ...

NOTE: 0 MB RAM (0 GB) is required!
Estimate model parameters (epsilon = 0.010)
1. Initial log-likelihood: -5475.881
2. Current log-likelihood: -5401.277
3. Current log-likelihood: -5401.083
Optimal log-likelihood: -5401.082
Rate parameters:  A-C: 1.60927  A-G: 2.71231  A-T: 1.67717  C-G: 1.39020  C-T: 3.92532  G-T: 1.00000
Base frequencies:  A: 0.274  C: 0.267  G: 0.201  T: 0.259
Parameters optimization took 3 rounds (0.002 sec)
Wrote distance file to... 
BEST SCORE FOUND : -5401.082
Total tree length: 0.659

Total number of iterations: 0
CPU time used for tree search: 0.000 sec (0h:0m:0s)
Wall-clock time used for tree search: 0.000 sec (0h:0m:0s)
Total CPU time used: 0.374 sec (0h:0m:0s)
Total wall-clock time used: 0.395 sec (0h:0m:0s)

===> START BOOTSTRAP REPLICATE NUMBER 54

Creating bootstrap alignment (seed: 175836)...
Reading input tree file data/example_alignements/nt/Rhabdomeric1.nt.nwk ...

NOTE: 0 MB RAM (0 GB) is required!
Estimate model parameters (epsilon = 0.010)
1. Initial log-likelihood: -5327.586
2. Current log-likelihood: -5245.037
3. Current log-likelihood: -5244.544
Optimal log-likelihood: -5244.544
Rate parameters:  A-C: 2.04528  A-G: 3.06407  A-T: 1.24236  C-G: 2.01855  C-T: 4.31633  G-T: 1.00000
Base frequencies:  A: 0.262  C: 0.263  G: 0.206  T: 0.270
Parameters optimization took 3 rounds (0.003 sec)
Wrote distance file to... 
BEST SCORE FOUND : -5244.544
Total tree length: 0.643

Total number of iterations: 0
CPU time used for tree search: 0.000 sec (0h:0m:0s)
Wall-clock time used for tree search: 0.000 sec (0h:0m:0s)
Total CPU time used: 0.381 sec (0h:0m:0s)
Total wall-clock time used: 0.402 sec (0h:0m:0s)

===> START BOOTSTRAP REPLICATE NUMBER 55

Creating bootstrap alignment (seed: 175837)...
Reading input tree file data/example_alignements/nt/Rhabdomeric1.nt.nwk ...

NOTE: 0 MB RAM (0 GB) is required!
Estimate model parameters (epsilon = 0.010)
1. Initial log-likelihood: -5354.230
2. Current log-likelihood: -5254.311
3. Current log-likelihood: -5253.977
Optimal log-likelihood: -5253.977
Rate parameters:  A-C: 2.58825  A-G: 4.81707  A-T: 2.36543  C-G: 2.13418  C-T: 6.25889  G-T: 1.00000
Base frequencies:  A: 0.266  C: 0.269  G: 0.199  T: 0.267
Parameters optimization took 3 rounds (0.003 sec)
Wrote distance file to... 
BEST SCORE FOUND : -5253.977
Total tree length: 0.648

Total number of iterations: 0
CPU time used for tree search: 0.000 sec (0h:0m:0s)
Wall-clock time used for tree search: 0.000 sec (0h:0m:0s)
Total CPU time used: 0.388 sec (0h:0m:0s)
Total wall-clock time used: 0.410 sec (0h:0m:0s)

===> START BOOTSTRAP REPLICATE NUMBER 56

Creating bootstrap alignment (seed: 175838)...
Reading input tree file data/example_alignements/nt/Rhabdomeric1.nt.nwk ...

NOTE: 0 MB RAM (0 GB) is required!
Estimate model parameters (epsilon = 0.010)
1. Initial log-likelihood: -5230.650
2. Current log-likelihood: -5129.637
3. Current log-likelihood: -5129.231
Optimal log-likelihood: -5129.230
Rate parameters:  A-C: 2.05783  A-G: 3.04314  A-T: 1.54876  C-G: 1.16221  C-T: 5.07866  G-T: 1.00000
Base frequencies:  A: 0.274  C: 0.249  G: 0.224  T: 0.253
Parameters optimization took 3 rounds (0.003 sec)
Wrote distance file to... 
BEST SCORE FOUND : -5129.230
Total tree length: 0.600

Total number of iterations: 0
CPU time used for tree search: 0.000 sec (0h:0m:0s)
Wall-clock time used for tree search: 0.000 sec (0h:0m:0s)
Total CPU time used: 0.396 sec (0h:0m:0s)
Total wall-clock time used: 0.417 sec (0h:0m:0s)

===> START BOOTSTRAP REPLICATE NUMBER 57

Creating bootstrap alignment (seed: 175839)...
Reading input tree file data/example_alignements/nt/Rhabdomeric1.nt.nwk ...

NOTE: 0 MB RAM (0 GB) is required!
Estimate model parameters (epsilon = 0.010)
1. Initial log-likelihood: -5091.099
2. Current log-likelihood: -4997.735
3. Current log-likelihood: -4997.509
Optimal log-likelihood: -4997.509
Rate parameters:  A-C: 2.07993  A-G: 3.99550  A-T: 1.70656  C-G: 1.95763  C-T: 5.01658  G-T: 1.00000
Base frequencies:  A: 0.260  C: 0.264  G: 0.202  T: 0.274
Parameters optimization took 3 rounds (0.002 sec)
Wrote distance file to... 
BEST SCORE FOUND : -4997.509
Total tree length: 0.565

Total number of iterations: 0
CPU time used for tree search: 0.000 sec (0h:0m:0s)
Wall-clock time used for tree search: 0.000 sec (0h:0m:0s)
Total CPU time used: 0.402 sec (0h:0m:0s)
Total wall-clock time used: 0.425 sec (0h:0m:0s)

===> START BOOTSTRAP REPLICATE NUMBER 58

Creating bootstrap alignment (seed: 175840)...
Reading input tree file data/example_alignements/nt/Rhabdomeric1.nt.nwk ...

NOTE: 0 MB RAM (0 GB) is required!
Estimate model parameters (epsilon = 0.010)
1. Initial log-likelihood: -5079.015
2. Current log-likelihood: -4987.594
3. Current log-likelihood: -4987.153
Optimal log-likelihood: -4987.152
Rate parameters:  A-C: 2.33884  A-G: 3.96261  A-T: 1.58057  C-G: 1.93418  C-T: 5.46269  G-T: 1.00000
Base frequencies:  A: 0.278  C: 0.247  G: 0.210  T: 0.264
Parameters optimization took 3 rounds (0.003 sec)
Wrote distance file to... 
BEST SCORE FOUND : -4987.152
Total tree length: 0.566

Total number of iterations: 0
CPU time used for tree search: 0.000 sec (0h:0m:0s)
Wall-clock time used for tree search: 0.000 sec (0h:0m:0s)
Total CPU time used: 0.410 sec (0h:0m:0s)
Total wall-clock time used: 0.432 sec (0h:0m:0s)

===> START BOOTSTRAP REPLICATE NUMBER 59

Creating bootstrap alignment (seed: 175841)...
Reading input tree file data/example_alignements/nt/Rhabdomeric1.nt.nwk ...

NOTE: 0 MB RAM (0 GB) is required!
Estimate model parameters (epsilon = 0.010)
1. Initial log-likelihood: -5350.905
2. Current log-likelihood: -5275.421
3. Current log-likelihood: -5275.229
Optimal log-likelihood: -5275.228
Rate parameters:  A-C: 1.75962  A-G: 3.00129  A-T: 1.39858  C-G: 1.30597  C-T: 3.78897  G-T: 1.00000
Base frequencies:  A: 0.278  C: 0.288  G: 0.194  T: 0.240
Parameters optimization took 3 rounds (0.002 sec)
Wrote distance file to... 
BEST SCORE FOUND : -5275.228
Total tree length: 0.624

Total number of iterations: 0
CPU time used for tree search: 0.000 sec (0h:0m:0s)
Wall-clock time used for tree search: 0.000 sec (0h:0m:0s)
Total CPU time used: 0.416 sec (0h:0m:0s)
Total wall-clock time used: 0.439 sec (0h:0m:0s)

===> START BOOTSTRAP REPLICATE NUMBER 60

Creating bootstrap alignment (seed: 175842)...
Reading input tree file data/example_alignements/nt/Rhabdomeric1.nt.nwk ...

NOTE: 0 MB RAM (0 GB) is required!
Estimate model parameters (epsilon = 0.010)
1. Initial log-likelihood: -5151.555
2. Current log-likelihood: -5082.763
3. Current log-likelihood: -5082.567
Optimal log-likelihood: -5082.567
Rate parameters:  A-C: 1.80941  A-G: 3.44919  A-T: 1.75889  C-G: 1.47301  C-T: 4.12257  G-T: 1.00000
Base frequencies:  A: 0.271  C: 0.265  G: 0.196  T: 0.268
Parameters optimization took 3 rounds (0.002 sec)
Wrote distance file to... 
BEST SCORE FOUND : -5082.567
Total tree length: 0.592

Total number of iterations: 0
CPU time used for tree search: 0.000 sec (0h:0m:0s)
Wall-clock time used for tree search: 0.000 sec (0h:0m:0s)
Total CPU time used: 0.423 sec (0h:0m:0s)
Total wall-clock time used: 0.446 sec (0h:0m:0s)

===> START BOOTSTRAP REPLICATE NUMBER 61

Creating bootstrap alignment (seed: 175843)...
Reading input tree file data/example_alignements/nt/Rhabdomeric1.nt.nwk ...

NOTE: 0 MB RAM (0 GB) is required!
Estimate model parameters (epsilon = 0.010)
1. Initial log-likelihood: -5052.119
2. Current log-likelihood: -4997.165
3. Current log-likelihood: -4996.986
Optimal log-likelihood: -4996.985
Rate parameters:  A-C: 1.66263  A-G: 2.52238  A-T: 1.31843  C-G: 1.46620  C-T: 3.15053  G-T: 1.00000
Base frequencies:  A: 0.258  C: 0.283  G: 0.201  T: 0.258
Parameters optimization took 3 rounds (0.002 sec)
Wrote distance file to... 
BEST SCORE FOUND : -4996.985
Total tree length: 0.536

Total number of iterations: 0
CPU time used for tree search: 0.000 sec (0h:0m:0s)
Wall-clock time used for tree search: 0.000 sec (0h:0m:0s)
Total CPU time used: 0.429 sec (0h:0m:0s)
Total wall-clock time used: 0.453 sec (0h:0m:0s)

===> START BOOTSTRAP REPLICATE NUMBER 62

Creating bootstrap alignment (seed: 175844)...
Reading input tree file data/example_alignements/nt/Rhabdomeric1.nt.nwk ...

NOTE: 0 MB RAM (0 GB) is required!
Estimate model parameters (epsilon = 0.010)
1. Initial log-likelihood: -5494.244
2. Current log-likelihood: -5398.490
3. Current log-likelihood: -5398.110
Optimal log-likelihood: -5398.108
Rate parameters:  A-C: 1.88231  A-G: 4.20414  A-T: 1.85794  C-G: 2.09444  C-T: 4.94161  G-T: 1.00000
Base frequencies:  A: 0.261  C: 0.254  G: 0.220  T: 0.264
Parameters optimization took 3 rounds (0.002 sec)
Wrote distance file to... 
BEST SCORE FOUND : -5398.108
Total tree length: 0.650

Total number of iterations: 0
CPU time used for tree search: 0.000 sec (0h:0m:0s)
Wall-clock time used for tree search: 0.000 sec (0h:0m:0s)
Total CPU time used: 0.436 sec (0h:0m:0s)
Total wall-clock time used: 0.460 sec (0h:0m:0s)

===> START BOOTSTRAP REPLICATE NUMBER 63

Creating bootstrap alignment (seed: 175845)...
Reading input tree file data/example_alignements/nt/Rhabdomeric1.nt.nwk ...

NOTE: 0 MB RAM (0 GB) is required!
Estimate model parameters (epsilon = 0.010)
1. Initial log-likelihood: -5314.749
2. Current log-likelihood: -5237.997
3. Current log-likelihood: -5237.811
Optimal log-likelihood: -5237.811
Rate parameters:  A-C: 2.21757  A-G: 4.23331  A-T: 2.11380  C-G: 2.12988  C-T: 4.90833  G-T: 1.00000
Base frequencies:  A: 0.243  C: 0.284  G: 0.199  T: 0.273
Parameters optimization took 3 rounds (0.003 sec)
Wrote distance file to... 
BEST SCORE FOUND : -5237.811
Total tree length: 0.614

Total number of iterations: 0
CPU time used for tree search: 0.000 sec (0h:0m:0s)
Wall-clock time used for tree search: 0.000 sec (0h:0m:0s)
Total CPU time used: 0.443 sec (0h:0m:0s)
Total wall-clock time used: 0.467 sec (0h:0m:0s)

===> START BOOTSTRAP REPLICATE NUMBER 64

Creating bootstrap alignment (seed: 175846)...
Reading input tree file data/example_alignements/nt/Rhabdomeric1.nt.nwk ...

NOTE: 0 MB RAM (0 GB) is required!
Estimate model parameters (epsilon = 0.010)
1. Initial log-likelihood: -5431.189
2. Current log-likelihood: -5339.145
3. Current log-likelihood: -5338.826
Optimal log-likelihood: -5338.826
Rate parameters:  A-C: 2.12824  A-G: 3.65824  A-T: 1.99121  C-G: 1.60546  C-T: 5.30897  G-T: 1.00000
Base frequencies:  A: 0.276  C: 0.282  G: 0.191  T: 0.252
Parameters optimization took 3 rounds (0.003 sec)
Wrote distance file to... 
BEST SCORE FOUND : -5338.826
Total tree length: 0.640

Total number of iterations: 0
CPU time used for tree search: 0.000 sec (0h:0m:0s)
Wall-clock time used for tree search: 0.000 sec (0h:0m:0s)
Total CPU time used: 0.451 sec (0h:0m:0s)
Total wall-clock time used: 0.475 sec (0h:0m:0s)

===> START BOOTSTRAP REPLICATE NUMBER 65

Creating bootstrap alignment (seed: 175847)...
Reading input tree file data/example_alignements/nt/Rhabdomeric1.nt.nwk ...

NOTE: 0 MB RAM (0 GB) is required!
Estimate model parameters (epsilon = 0.010)
1. Initial log-likelihood: -5357.791
2. Current log-likelihood: -5264.014
3. Current log-likelihood: -5263.637
Optimal log-likelihood: -5263.635
Rate parameters:  A-C: 1.51205  A-G: 2.91361  A-T: 1.35519  C-G: 1.08719  C-T: 3.95421  G-T: 1.00000
Base frequencies:  A: 0.256  C: 0.260  G: 0.217  T: 0.267
Parameters optimization took 3 rounds (0.003 sec)
Wrote distance file to... 
BEST SCORE FOUND : -5263.635
Total tree length: 0.612

Total number of iterations: 0
CPU time used for tree search: 0.000 sec (0h:0m:0s)
Wall-clock time used for tree search: 0.000 sec (0h:0m:0s)
Total CPU time used: 0.458 sec (0h:0m:0s)
Total wall-clock time used: 0.482 sec (0h:0m:0s)

===> START BOOTSTRAP REPLICATE NUMBER 66

Creating bootstrap alignment (seed: 175848)...
Reading input tree file data/example_alignements/nt/Rhabdomeric1.nt.nwk ...

NOTE: 0 MB RAM (0 GB) is required!
Estimate model parameters (epsilon = 0.010)
1. Initial log-likelihood: -5140.683
2. Current log-likelihood: -5042.652
3. Current log-likelihood: -5042.221
Optimal log-likelihood: -5042.220
Rate parameters:  A-C: 1.80972  A-G: 2.79466  A-T: 1.25892  C-G: 1.38211  C-T: 4.73695  G-T: 1.00000
Base frequencies:  A: 0.274  C: 0.276  G: 0.203  T: 0.246
Parameters optimization took 3 rounds (0.002 sec)
Wrote distance file to... 
BEST SCORE FOUND : -5042.220
Total tree length: 0.592

Total number of iterations: 0
CPU time used for tree search: 0.000 sec (0h:0m:0s)
Wall-clock time used for tree search: 0.000 sec (0h:0m:0s)
Total CPU time used: 0.465 sec (0h:0m:0s)
Total wall-clock time used: 0.490 sec (0h:0m:0s)

===> START BOOTSTRAP REPLICATE NUMBER 67

Creating bootstrap alignment (seed: 175849)...
Reading input tree file data/example_alignements/nt/Rhabdomeric1.nt.nwk ...

NOTE: 0 MB RAM (0 GB) is required!
Estimate model parameters (epsilon = 0.010)
1. Initial log-likelihood: -5226.895
2. Current log-likelihood: -5127.908
3. Current log-likelihood: -5127.523
Optimal log-likelihood: -5127.522
Rate parameters:  A-C: 2.16438  A-G: 5.13316  A-T: 2.35555  C-G: 3.16452  C-T: 6.51163  G-T: 1.00000
Base frequencies:  A: 0.261  C: 0.252  G: 0.208  T: 0.279
Parameters optimization took 3 rounds (0.003 sec)
Wrote distance file to... 
BEST SCORE FOUND : -5127.522
Total tree length: 0.621

Total number of iterations: 0
CPU time used for tree search: 0.000 sec (0h:0m:0s)
Wall-clock time used for tree search: 0.000 sec (0h:0m:0s)
Total CPU time used: 0.472 sec (0h:0m:0s)
Total wall-clock time used: 0.497 sec (0h:0m:0s)

===> START BOOTSTRAP REPLICATE NUMBER 68

Creating bootstrap alignment (seed: 175850)...
Reading input tree file data/example_alignements/nt/Rhabdomeric1.nt.nwk ...

NOTE: 0 MB RAM (0 GB) is required!
Estimate model parameters (epsilon = 0.010)
1. Initial log-likelihood: -5188.769
2. Current log-likelihood: -5115.680
3. Current log-likelihood: -5115.545
Optimal log-likelihood: -5115.545
Rate parameters:  A-C: 2.54460  A-G: 4.39385  A-T: 2.93936  C-G: 1.97869  C-T: 5.19205  G-T: 1.00000
Base frequencies:  A: 0.240  C: 0.278  G: 0.203  T: 0.279
Parameters optimization took 3 rounds (0.003 sec)
Wrote distance file to... 
BEST SCORE FOUND : -5115.545
Total tree length: 0.573

Total number of iterations: 0
CPU time used for tree search: 0.000 sec (0h:0m:0s)
Wall-clock time used for tree search: 0.000 sec (0h:0m:0s)
Total CPU time used: 0.479 sec (0h:0m:0s)
Total wall-clock time used: 0.504 sec (0h:0m:0s)

===> START BOOTSTRAP REPLICATE NUMBER 69

Creating bootstrap alignment (seed: 175851)...
Reading input tree file data/example_alignements/nt/Rhabdomeric1.nt.nwk ...

NOTE: 0 MB RAM (0 GB) is required!
Estimate model parameters (epsilon = 0.010)
1. Initial log-likelihood: -5237.964
2. Current log-likelihood: -5147.641
3. Current log-likelihood: -5147.342
Optimal log-likelihood: -5147.342
Rate parameters:  A-C: 2.20088  A-G: 3.24659  A-T: 1.71890  C-G: 1.52347  C-T: 4.75984  G-T: 1.00000
Base frequencies:  A: 0.258  C: 0.276  G: 0.208  T: 0.259
Parameters optimization took 3 rounds (0.003 sec)
Wrote distance file to... 
BEST SCORE FOUND : -5147.342
Total tree length: 0.609

Total number of iterations: 0
CPU time used for tree search: 0.000 sec (0h:0m:0s)
Wall-clock time used for tree search: 0.000 sec (0h:0m:0s)
Total CPU time used: 0.486 sec (0h:0m:0s)
Total wall-clock time used: 0.512 sec (0h:0m:0s)

===> START BOOTSTRAP REPLICATE NUMBER 70

Creating bootstrap alignment (seed: 175852)...
Reading input tree file data/example_alignements/nt/Rhabdomeric1.nt.nwk ...

NOTE: 0 MB RAM (0 GB) is required!
Estimate model parameters (epsilon = 0.010)
1. Initial log-likelihood: -5334.240
2. Current log-likelihood: -5255.402
3. Current log-likelihood: -5255.013
Optimal log-likelihood: -5255.013
Rate parameters:  A-C: 1.86531  A-G: 3.14499  A-T: 1.67382  C-G: 1.89139  C-T: 4.76571  G-T: 1.00000
Base frequencies:  A: 0.269  C: 0.258  G: 0.220  T: 0.254
Parameters optimization took 3 rounds (0.003 sec)
Wrote distance file to... 
BEST SCORE FOUND : -5255.013
Total tree length: 0.638

Total number of iterations: 0
CPU time used for tree search: 0.000 sec (0h:0m:0s)
Wall-clock time used for tree search: 0.000 sec (0h:0m:0s)
Total CPU time used: 0.493 sec (0h:0m:0s)
Total wall-clock time used: 0.519 sec (0h:0m:0s)

===> START BOOTSTRAP REPLICATE NUMBER 71

Creating bootstrap alignment (seed: 175853)...
Reading input tree file data/example_alignements/nt/Rhabdomeric1.nt.nwk ...

NOTE: 0 MB RAM (0 GB) is required!
Estimate model parameters (epsilon = 0.010)
1. Initial log-likelihood: -5428.522
2. Current log-likelihood: -5338.263
3. Current log-likelihood: -5338.009
Optimal log-likelihood: -5338.008
Rate parameters:  A-C: 2.12563  A-G: 3.83373  A-T: 1.93359  C-G: 1.85013  C-T: 5.07269  G-T: 1.00000
Base frequencies:  A: 0.268  C: 0.267  G: 0.203  T: 0.263
Parameters optimization took 3 rounds (0.003 sec)
Wrote distance file to... 
BEST SCORE FOUND : -5338.008
Total tree length: 0.644

Total number of iterations: 0
CPU time used for tree search: 0.000 sec (0h:0m:0s)
Wall-clock time used for tree search: 0.000 sec (0h:0m:0s)
Total CPU time used: 0.500 sec (0h:0m:0s)
Total wall-clock time used: 0.527 sec (0h:0m:0s)

===> START BOOTSTRAP REPLICATE NUMBER 72

Creating bootstrap alignment (seed: 175854)...
Reading input tree file data/example_alignements/nt/Rhabdomeric1.nt.nwk ...

NOTE: 0 MB RAM (0 GB) is required!
Estimate model parameters (epsilon = 0.010)
1. Initial log-likelihood: -5345.168
2. Current log-likelihood: -5265.717
3. Current log-likelihood: -5265.504
Optimal log-likelihood: -5265.500
Rate parameters:  A-C: 1.89113  A-G: 3.64499  A-T: 2.05147  C-G: 1.48595  C-T: 4.31264  G-T: 1.00000
Base frequencies:  A: 0.251  C: 0.270  G: 0.224  T: 0.255
Parameters optimization took 3 rounds (0.002 sec)
Wrote distance file to... 
BEST SCORE FOUND : -5265.500
Total tree length: 0.626

Total number of iterations: 0
CPU time used for tree search: 0.000 sec (0h:0m:0s)
Wall-clock time used for tree search: 0.000 sec (0h:0m:0s)
Total CPU time used: 0.507 sec (0h:0m:0s)
Total wall-clock time used: 0.534 sec (0h:0m:0s)

===> START BOOTSTRAP REPLICATE NUMBER 73

Creating bootstrap alignment (seed: 175855)...
Reading input tree file data/example_alignements/nt/Rhabdomeric1.nt.nwk ...

NOTE: 0 MB RAM (0 GB) is required!
Estimate model parameters (epsilon = 0.010)
1. Initial log-likelihood: -5474.966
2. Current log-likelihood: -5370.092
3. Current log-likelihood: -5369.790
Optimal log-likelihood: -5369.789
Rate parameters:  A-C: 1.90068  A-G: 3.41235  A-T: 2.06915  C-G: 1.96733  C-T: 5.91434  G-T: 1.00000
Base frequencies:  A: 0.265  C: 0.267  G: 0.219  T: 0.248
Parameters optimization took 3 rounds (0.003 sec)
Wrote distance file to... 
BEST SCORE FOUND : -5369.789
Total tree length: 0.671

Total number of iterations: 0
CPU time used for tree search: 0.000 sec (0h:0m:0s)
Wall-clock time used for tree search: 0.000 sec (0h:0m:0s)
Total CPU time used: 0.514 sec (0h:0m:0s)
Total wall-clock time used: 0.541 sec (0h:0m:0s)

===> START BOOTSTRAP REPLICATE NUMBER 74

Creating bootstrap alignment (seed: 175856)...
Reading input tree file data/example_alignements/nt/Rhabdomeric1.nt.nwk ...

NOTE: 0 MB RAM (0 GB) is required!
Estimate model parameters (epsilon = 0.010)
1. Initial log-likelihood: -5257.095
2. Current log-likelihood: -5165.804
3. Current log-likelihood: -5165.588
Optimal log-likelihood: -5165.588
Rate parameters:  A-C: 1.95733  A-G: 2.64169  A-T: 1.91515  C-G: 1.38902  C-T: 4.99659  G-T: 1.00000
Base frequencies:  A: 0.255  C: 0.273  G: 0.214  T: 0.259
Parameters optimization took 3 rounds (0.002 sec)
Wrote distance file to... 
BEST SCORE FOUND : -5165.588
Total tree length: 0.590

Total number of iterations: 0
CPU time used for tree search: 0.000 sec (0h:0m:0s)
Wall-clock time used for tree search: 0.000 sec (0h:0m:0s)
Total CPU time used: 0.520 sec (0h:0m:0s)
Total wall-clock time used: 0.549 sec (0h:0m:0s)

===> START BOOTSTRAP REPLICATE NUMBER 75

Creating bootstrap alignment (seed: 175857)...
Reading input tree file data/example_alignements/nt/Rhabdomeric1.nt.nwk ...

NOTE: 0 MB RAM (0 GB) is required!
Estimate model parameters (epsilon = 0.010)
1. Initial log-likelihood: -5280.739
2. Current log-likelihood: -5190.104
3. Current log-likelihood: -5189.793
Optimal log-likelihood: -5189.792
Rate parameters:  A-C: 1.37949  A-G: 2.87255  A-T: 1.01337  C-G: 0.99104  C-T: 3.21853  G-T: 1.00000
Base frequencies:  A: 0.260  C: 0.291  G: 0.203  T: 0.246
Parameters optimization took 3 rounds (0.002 sec)
Wrote distance file to... 
BEST SCORE FOUND : -5189.792
Total tree length: 0.613

Total number of iterations: 0
CPU time used for tree search: 0.000 sec (0h:0m:0s)
Wall-clock time used for tree search: 0.000 sec (0h:0m:0s)
Total CPU time used: 0.527 sec (0h:0m:0s)
Total wall-clock time used: 0.556 sec (0h:0m:0s)

===> START BOOTSTRAP REPLICATE NUMBER 76

Creating bootstrap alignment (seed: 175858)...
Reading input tree file data/example_alignements/nt/Rhabdomeric1.nt.nwk ...

NOTE: 0 MB RAM (0 GB) is required!
Estimate model parameters (epsilon = 0.010)
1. Initial log-likelihood: -5299.314
2. Current log-likelihood: -5244.750
3. Current log-likelihood: -5244.607
Optimal log-likelihood: -5244.607
Rate parameters:  A-C: 2.01877  A-G: 2.73860  A-T: 1.22771  C-G: 1.35005  C-T: 3.13902  G-T: 1.00000
Base frequencies:  A: 0.265  C: 0.258  G: 0.210  T: 0.267
Parameters optimization took 3 rounds (0.002 sec)
Wrote distance file to... 
BEST SCORE FOUND : -5244.607
Total tree length: 0.606

Total number of iterations: 0
CPU time used for tree search: 0.000 sec (0h:0m:0s)
Wall-clock time used for tree search: 0.000 sec (0h:0m:0s)
Total CPU time used: 0.534 sec (0h:0m:0s)
Total wall-clock time used: 0.563 sec (0h:0m:0s)

===> START BOOTSTRAP REPLICATE NUMBER 77

Creating bootstrap alignment (seed: 175859)...
Reading input tree file data/example_alignements/nt/Rhabdomeric1.nt.nwk ...

NOTE: 0 MB RAM (0 GB) is required!
Estimate model parameters (epsilon = 0.010)
1. Initial log-likelihood: -5246.601
2. Current log-likelihood: -5142.219
3. Current log-likelihood: -5141.580
Optimal log-likelihood: -5141.580
Rate parameters:  A-C: 1.94533  A-G: 3.11426  A-T: 1.36797  C-G: 1.02925  C-T: 4.51256  G-T: 1.00000
Base frequencies:  A: 0.253  C: 0.267  G: 0.201  T: 0.279
Parameters optimization took 3 rounds (0.003 sec)
Wrote distance file to... 
BEST SCORE FOUND : -5141.580
Total tree length: 0.614

Total number of iterations: 0
CPU time used for tree search: 0.000 sec (0h:0m:0s)
Wall-clock time used for tree search: 0.000 sec (0h:0m:0s)
Total CPU time used: 0.541 sec (0h:0m:0s)
Total wall-clock time used: 0.570 sec (0h:0m:0s)

===> START BOOTSTRAP REPLICATE NUMBER 78

Creating bootstrap alignment (seed: 175860)...
Reading input tree file data/example_alignements/nt/Rhabdomeric1.nt.nwk ...

NOTE: 0 MB RAM (0 GB) is required!
Estimate model parameters (epsilon = 0.010)
1. Initial log-likelihood: -5192.385
2. Current log-likelihood: -5111.084
3. Current log-likelihood: -5110.834
Optimal log-likelihood: -5110.834
Rate parameters:  A-C: 1.39998  A-G: 2.70589  A-T: 1.10246  C-G: 1.07485  C-T: 3.29489  G-T: 1.00000
Base frequencies:  A: 0.279  C: 0.265  G: 0.200  T: 0.256
Parameters optimization took 3 rounds (0.002 sec)
Wrote distance file to... 
BEST SCORE FOUND : -5110.834
Total tree length: 0.591

Total number of iterations: 0
CPU time used for tree search: 0.000 sec (0h:0m:0s)
Wall-clock time used for tree search: 0.000 sec (0h:0m:0s)
Total CPU time used: 0.548 sec (0h:0m:0s)
Total wall-clock time used: 0.577 sec (0h:0m:0s)

===> START BOOTSTRAP REPLICATE NUMBER 79

Creating bootstrap alignment (seed: 175861)...
Reading input tree file data/example_alignements/nt/Rhabdomeric1.nt.nwk ...

NOTE: 0 MB RAM (0 GB) is required!
Estimate model parameters (epsilon = 0.010)
1. Initial log-likelihood: -5176.789
2. Current log-likelihood: -5092.127
3. Current log-likelihood: -5091.695
Optimal log-likelihood: -5091.693
Rate parameters:  A-C: 1.68631  A-G: 2.30676  A-T: 1.83782  C-G: 1.22098  C-T: 4.67239  G-T: 1.00000
Base frequencies:  A: 0.273  C: 0.273  G: 0.204  T: 0.250
Parameters optimization took 3 rounds (0.002 sec)
Wrote distance file to... 
BEST SCORE FOUND : -5091.693
Total tree length: 0.598

Total number of iterations: 0
CPU time used for tree search: 0.000 sec (0h:0m:0s)
Wall-clock time used for tree search: 0.000 sec (0h:0m:0s)
Total CPU time used: 0.555 sec (0h:0m:0s)
Total wall-clock time used: 0.584 sec (0h:0m:0s)

===> START BOOTSTRAP REPLICATE NUMBER 80

Creating bootstrap alignment (seed: 175862)...
Reading input tree file data/example_alignements/nt/Rhabdomeric1.nt.nwk ...

NOTE: 0 MB RAM (0 GB) is required!
Estimate model parameters (epsilon = 0.010)
1. Initial log-likelihood: -5240.536
2. Current log-likelihood: -5170.813
3. Current log-likelihood: -5170.346
Optimal log-likelihood: -5170.345
Rate parameters:  A-C: 1.79457  A-G: 2.58132  A-T: 1.35765  C-G: 1.49765  C-T: 3.82345  G-T: 1.00000
Base frequencies:  A: 0.275  C: 0.275  G: 0.189  T: 0.260
Parameters optimization took 3 rounds (0.002 sec)
Wrote distance file to... 
BEST SCORE FOUND : -5170.345
Total tree length: 0.601

Total number of iterations: 0
CPU time used for tree search: 0.000 sec (0h:0m:0s)
Wall-clock time used for tree search: 0.000 sec (0h:0m:0s)
Total CPU time used: 0.562 sec (0h:0m:0s)
Total wall-clock time used: 0.592 sec (0h:0m:0s)

===> START BOOTSTRAP REPLICATE NUMBER 81

Creating bootstrap alignment (seed: 175863)...
Reading input tree file data/example_alignements/nt/Rhabdomeric1.nt.nwk ...

NOTE: 0 MB RAM (0 GB) is required!
Estimate model parameters (epsilon = 0.010)
1. Initial log-likelihood: -5430.011
2. Current log-likelihood: -5329.772
3. Current log-likelihood: -5329.239
Optimal log-likelihood: -5329.239
Rate parameters:  A-C: 2.92006  A-G: 4.56820  A-T: 2.05488  C-G: 2.63091  C-T: 6.59462  G-T: 1.00000
Base frequencies:  A: 0.262  C: 0.260  G: 0.204  T: 0.274
Parameters optimization took 3 rounds (0.003 sec)
Wrote distance file to... 
BEST SCORE FOUND : -5329.239
Total tree length: 0.648

Total number of iterations: 0
CPU time used for tree search: 0.000 sec (0h:0m:0s)
Wall-clock time used for tree search: 0.000 sec (0h:0m:0s)
Total CPU time used: 0.569 sec (0h:0m:0s)
Total wall-clock time used: 0.599 sec (0h:0m:0s)

===> START BOOTSTRAP REPLICATE NUMBER 82

Creating bootstrap alignment (seed: 175864)...
Reading input tree file data/example_alignements/nt/Rhabdomeric1.nt.nwk ...

NOTE: 0 MB RAM (0 GB) is required!
Estimate model parameters (epsilon = 0.010)
1. Initial log-likelihood: -5437.473
2. Current log-likelihood: -5368.629
3. Current log-likelihood: -5368.341
Optimal log-likelihood: -5368.341
Rate parameters:  A-C: 1.67832  A-G: 2.79711  A-T: 1.68779  C-G: 1.41433  C-T: 3.65705  G-T: 1.00000
Base frequencies:  A: 0.267  C: 0.271  G: 0.201  T: 0.262
Parameters optimization took 3 rounds (0.002 sec)
Wrote distance file to... 
BEST SCORE FOUND : -5368.341
Total tree length: 0.652

Total number of iterations: 0
CPU time used for tree search: 0.000 sec (0h:0m:0s)
Wall-clock time used for tree search: 0.000 sec (0h:0m:0s)
Total CPU time used: 0.576 sec (0h:0m:0s)
Total wall-clock time used: 0.607 sec (0h:0m:0s)

===> START BOOTSTRAP REPLICATE NUMBER 83

Creating bootstrap alignment (seed: 175865)...
Reading input tree file data/example_alignements/nt/Rhabdomeric1.nt.nwk ...

NOTE: 0 MB RAM (0 GB) is required!
Estimate model parameters (epsilon = 0.010)
1. Initial log-likelihood: -5210.015
2. Current log-likelihood: -5121.653
3. Current log-likelihood: -5121.400
Optimal log-likelihood: -5121.400
Rate parameters:  A-C: 3.02126  A-G: 4.18696  A-T: 2.40469  C-G: 2.11264  C-T: 6.30782  G-T: 1.00000
Base frequencies:  A: 0.263  C: 0.254  G: 0.205  T: 0.278
Parameters optimization took 3 rounds (0.003 sec)
Wrote distance file to... 
BEST SCORE FOUND : -5121.400
Total tree length: 0.590

Total number of iterations: 0
CPU time used for tree search: 0.000 sec (0h:0m:0s)
Wall-clock time used for tree search: 0.000 sec (0h:0m:0s)
Total CPU time used: 0.583 sec (0h:0m:0s)
Total wall-clock time used: 0.614 sec (0h:0m:0s)

===> START BOOTSTRAP REPLICATE NUMBER 84

Creating bootstrap alignment (seed: 175866)...
Reading input tree file data/example_alignements/nt/Rhabdomeric1.nt.nwk ...

NOTE: 0 MB RAM (0 GB) is required!
Estimate model parameters (epsilon = 0.010)
1. Initial log-likelihood: -5256.073
2. Current log-likelihood: -5170.224
3. Current log-likelihood: -5169.798
Optimal log-likelihood: -5169.797
Rate parameters:  A-C: 1.55978  A-G: 3.09740  A-T: 1.52113  C-G: 1.60281  C-T: 4.41875  G-T: 1.00000
Base frequencies:  A: 0.258  C: 0.284  G: 0.207  T: 0.251
Parameters optimization took 3 rounds (0.002 sec)
Wrote distance file to... 
BEST SCORE FOUND : -5169.797
Total tree length: 0.604

Total number of iterations: 0
CPU time used for tree search: 0.000 sec (0h:0m:0s)
Wall-clock time used for tree search: 0.000 sec (0h:0m:0s)
Total CPU time used: 0.590 sec (0h:0m:0s)
Total wall-clock time used: 0.621 sec (0h:0m:0s)

===> START BOOTSTRAP REPLICATE NUMBER 85

Creating bootstrap alignment (seed: 175867)...
Reading input tree file data/example_alignements/nt/Rhabdomeric1.nt.nwk ...

NOTE: 0 MB RAM (0 GB) is required!
Estimate model parameters (epsilon = 0.010)
1. Initial log-likelihood: -5266.765
2. Current log-likelihood: -5179.982
3. Current log-likelihood: -5179.497
Optimal log-likelihood: -5179.495
Rate parameters:  A-C: 2.07118  A-G: 4.03077  A-T: 2.14210  C-G: 1.87350  C-T: 5.18190  G-T: 1.00000
Base frequencies:  A: 0.260  C: 0.257  G: 0.202  T: 0.281
Parameters optimization took 3 rounds (0.002 sec)
Wrote distance file to... 
BEST SCORE FOUND : -5179.495
Total tree length: 0.607

Total number of iterations: 0
CPU time used for tree search: 0.000 sec (0h:0m:0s)
Wall-clock time used for tree search: 0.000 sec (0h:0m:0s)
Total CPU time used: 0.597 sec (0h:0m:0s)
Total wall-clock time used: 0.628 sec (0h:0m:0s)

===> START BOOTSTRAP REPLICATE NUMBER 86

Creating bootstrap alignment (seed: 175868)...
Reading input tree file data/example_alignements/nt/Rhabdomeric1.nt.nwk ...

NOTE: 0 MB RAM (0 GB) is required!
Estimate model parameters (epsilon = 0.010)
1. Initial log-likelihood: -5296.677
2. Current log-likelihood: -5200.797
3. Current log-likelihood: -5200.379
Optimal log-likelihood: -5200.379
Rate parameters:  A-C: 1.44386  A-G: 3.89017  A-T: 2.19757  C-G: 1.76671  C-T: 5.00669  G-T: 1.00000
Base frequencies:  A: 0.278  C: 0.272  G: 0.202  T: 0.247
Parameters optimization took 3 rounds (0.003 sec)
Wrote distance file to... 
BEST SCORE FOUND : -5200.379
Total tree length: 0.604

Total number of iterations: 0
CPU time used for tree search: 0.000 sec (0h:0m:0s)
Wall-clock time used for tree search: 0.000 sec (0h:0m:0s)
Total CPU time used: 0.604 sec (0h:0m:0s)
Total wall-clock time used: 0.636 sec (0h:0m:0s)

===> START BOOTSTRAP REPLICATE NUMBER 87

Creating bootstrap alignment (seed: 175869)...
Reading input tree file data/example_alignements/nt/Rhabdomeric1.nt.nwk ...

NOTE: 0 MB RAM (0 GB) is required!
Estimate model parameters (epsilon = 0.010)
1. Initial log-likelihood: -5299.126
2. Current log-likelihood: -5210.636
3. Current log-likelihood: -5210.360
Optimal log-likelihood: -5210.359
Rate parameters:  A-C: 2.15601  A-G: 3.28203  A-T: 1.95415  C-G: 2.04083  C-T: 5.38719  G-T: 1.00000
Base frequencies:  A: 0.262  C: 0.244  G: 0.212  T: 0.281
Parameters optimization took 3 rounds (0.002 sec)
Wrote distance file to... 
BEST SCORE FOUND : -5210.359
Total tree length: 0.629

Total number of iterations: 0
CPU time used for tree search: 0.000 sec (0h:0m:0s)
Wall-clock time used for tree search: 0.000 sec (0h:0m:0s)
Total CPU time used: 0.611 sec (0h:0m:0s)
Total wall-clock time used: 0.643 sec (0h:0m:0s)

===> START BOOTSTRAP REPLICATE NUMBER 88

Creating bootstrap alignment (seed: 175870)...
Reading input tree file data/example_alignements/nt/Rhabdomeric1.nt.nwk ...

NOTE: 0 MB RAM (0 GB) is required!
Estimate model parameters (epsilon = 0.010)
1. Initial log-likelihood: -5324.301
2. Current log-likelihood: -5230.106
3. Current log-likelihood: -5229.857
Optimal log-likelihood: -5229.857
Rate parameters:  A-C: 2.06578  A-G: 4.86240  A-T: 2.57794  C-G: 1.80353  C-T: 5.49170  G-T: 1.00000
Base frequencies:  A: 0.256  C: 0.277  G: 0.184  T: 0.283
Parameters optimization took 3 rounds (0.003 sec)
Wrote distance file to... 
BEST SCORE FOUND : -5229.857
Total tree length: 0.618

Total number of iterations: 0
CPU time used for tree search: 0.000 sec (0h:0m:0s)
Wall-clock time used for tree search: 0.000 sec (0h:0m:0s)
Total CPU time used: 0.618 sec (0h:0m:0s)
Total wall-clock time used: 0.651 sec (0h:0m:0s)

===> START BOOTSTRAP REPLICATE NUMBER 89

Creating bootstrap alignment (seed: 175871)...
Reading input tree file data/example_alignements/nt/Rhabdomeric1.nt.nwk ...

NOTE: 0 MB RAM (0 GB) is required!
Estimate model parameters (epsilon = 0.010)
1. Initial log-likelihood: -5216.417
2. Current log-likelihood: -5114.710
3. Current log-likelihood: -5113.670
Optimal log-likelihood: -5113.666
Rate parameters:  A-C: 1.55653  A-G: 2.64390  A-T: 1.49849  C-G: 1.11422  C-T: 4.57019  G-T: 1.00000
Base frequencies:  A: 0.258  C: 0.283  G: 0.201  T: 0.257
Parameters optimization took 3 rounds (0.002 sec)
Wrote distance file to... 
BEST SCORE FOUND : -5113.666
Total tree length: 0.597

Total number of iterations: 0
CPU time used for tree search: 0.000 sec (0h:0m:0s)
Wall-clock time used for tree search: 0.000 sec (0h:0m:0s)
Total CPU time used: 0.625 sec (0h:0m:0s)
Total wall-clock time used: 0.658 sec (0h:0m:0s)

===> START BOOTSTRAP REPLICATE NUMBER 90

Creating bootstrap alignment (seed: 175872)...
Reading input tree file data/example_alignements/nt/Rhabdomeric1.nt.nwk ...

NOTE: 0 MB RAM (0 GB) is required!
Estimate model parameters (epsilon = 0.010)
1. Initial log-likelihood: -5356.050
2. Current log-likelihood: -5273.977
3. Current log-likelihood: -5273.669
Optimal log-likelihood: -5273.668
Rate parameters:  A-C: 1.45461  A-G: 2.77582  A-T: 1.63999  C-G: 1.16245  C-T: 3.76538  G-T: 1.00000
Base frequencies:  A: 0.240  C: 0.289  G: 0.213  T: 0.258
Parameters optimization took 3 rounds (0.002 sec)
Wrote distance file to... 
BEST SCORE FOUND : -5273.668
Total tree length: 0.630

Total number of iterations: 0
CPU time used for tree search: 0.000 sec (0h:0m:0s)
Wall-clock time used for tree search: 0.000 sec (0h:0m:0s)
Total CPU time used: 0.632 sec (0h:0m:0s)
Total wall-clock time used: 0.665 sec (0h:0m:0s)

===> START BOOTSTRAP REPLICATE NUMBER 91

Creating bootstrap alignment (seed: 175873)...
Reading input tree file data/example_alignements/nt/Rhabdomeric1.nt.nwk ...

NOTE: 0 MB RAM (0 GB) is required!
Estimate model parameters (epsilon = 0.010)
1. Initial log-likelihood: -5253.176
2. Current log-likelihood: -5178.002
3. Current log-likelihood: -5177.762
Optimal log-likelihood: -5177.760
Rate parameters:  A-C: 2.36057  A-G: 3.03900  A-T: 1.73227  C-G: 1.49460  C-T: 4.56858  G-T: 1.00000
Base frequencies:  A: 0.255  C: 0.269  G: 0.232  T: 0.245
Parameters optimization took 3 rounds (0.002 sec)
Wrote distance file to... 
BEST SCORE FOUND : -5177.760
Total tree length: 0.588

Total number of iterations: 0
CPU time used for tree search: 0.000 sec (0h:0m:0s)
Wall-clock time used for tree search: 0.000 sec (0h:0m:0s)
Total CPU time used: 0.639 sec (0h:0m:0s)
Total wall-clock time used: 0.673 sec (0h:0m:0s)

===> START BOOTSTRAP REPLICATE NUMBER 92

Creating bootstrap alignment (seed: 175874)...
Reading input tree file data/example_alignements/nt/Rhabdomeric1.nt.nwk ...

NOTE: 0 MB RAM (0 GB) is required!
Estimate model parameters (epsilon = 0.010)
1. Initial log-likelihood: -5041.848
2. Current log-likelihood: -4950.057
3. Current log-likelihood: -4949.895
Optimal log-likelihood: -4949.895
Rate parameters:  A-C: 2.16115  A-G: 3.54398  A-T: 1.66684  C-G: 2.32822  C-T: 5.51029  G-T: 1.00000
Base frequencies:  A: 0.278  C: 0.258  G: 0.190  T: 0.274
Parameters optimization took 3 rounds (0.002 sec)
Wrote distance file to... 
BEST SCORE FOUND : -4949.895
Total tree length: 0.541

Total number of iterations: 0
CPU time used for tree search: 0.000 sec (0h:0m:0s)
Wall-clock time used for tree search: 0.000 sec (0h:0m:0s)
Total CPU time used: 0.646 sec (0h:0m:0s)
Total wall-clock time used: 0.680 sec (0h:0m:0s)

===> START BOOTSTRAP REPLICATE NUMBER 93

Creating bootstrap alignment (seed: 175875)...
Reading input tree file data/example_alignements/nt/Rhabdomeric1.nt.nwk ...

NOTE: 0 MB RAM (0 GB) is required!
Estimate model parameters (epsilon = 0.010)
1. Initial log-likelihood: -5167.786
2. Current log-likelihood: -5055.758
3. Current log-likelihood: -5055.189
Optimal log-likelihood: -5055.188
Rate parameters:  A-C: 3.77755  A-G: 5.09880  A-T: 2.62841  C-G: 2.67734  C-T: 8.36666  G-T: 1.00000
Base frequencies:  A: 0.239  C: 0.264  G: 0.214  T: 0.283
Parameters optimization took 3 rounds (0.003 sec)
Wrote distance file to... 
BEST SCORE FOUND : -5055.188
Total tree length: 0.583

Total number of iterations: 0
CPU time used for tree search: 0.000 sec (0h:0m:0s)
Wall-clock time used for tree search: 0.000 sec (0h:0m:0s)
Total CPU time used: 0.653 sec (0h:0m:0s)
Total wall-clock time used: 0.687 sec (0h:0m:0s)

===> START BOOTSTRAP REPLICATE NUMBER 94

Creating bootstrap alignment (seed: 175876)...
Reading input tree file data/example_alignements/nt/Rhabdomeric1.nt.nwk ...

NOTE: 0 MB RAM (0 GB) is required!
Estimate model parameters (epsilon = 0.010)
1. Initial log-likelihood: -5168.993
2. Current log-likelihood: -5108.612
3. Current log-likelihood: -5108.521
Optimal log-likelihood: -5108.521
Rate parameters:  A-C: 1.77165  A-G: 2.90391  A-T: 1.77120  C-G: 1.50520  C-T: 3.73572  G-T: 1.00000
Base frequencies:  A: 0.260  C: 0.262  G: 0.202  T: 0.276
Parameters optimization took 3 rounds (0.003 sec)
Wrote distance file to... 
BEST SCORE FOUND : -5108.521
Total tree length: 0.578

Total number of iterations: 0
CPU time used for tree search: 0.000 sec (0h:0m:0s)
Wall-clock time used for tree search: 0.000 sec (0h:0m:0s)
Total CPU time used: 0.660 sec (0h:0m:0s)
Total wall-clock time used: 0.695 sec (0h:0m:0s)

===> START BOOTSTRAP REPLICATE NUMBER 95

Creating bootstrap alignment (seed: 175877)...
Reading input tree file data/example_alignements/nt/Rhabdomeric1.nt.nwk ...

NOTE: 0 MB RAM (0 GB) is required!
Estimate model parameters (epsilon = 0.010)
1. Initial log-likelihood: -5268.875
2. Current log-likelihood: -5176.804
3. Current log-likelihood: -5176.581
Optimal log-likelihood: -5176.581
Rate parameters:  A-C: 3.16151  A-G: 5.11646  A-T: 2.40709  C-G: 2.23507  C-T: 6.19470  G-T: 1.00000
Base frequencies:  A: 0.250  C: 0.267  G: 0.206  T: 0.278
Parameters optimization took 3 rounds (0.003 sec)
Wrote distance file to... 
BEST SCORE FOUND : -5176.581
Total tree length: 0.608

Total number of iterations: 0
CPU time used for tree search: 0.000 sec (0h:0m:0s)
Wall-clock time used for tree search: 0.000 sec (0h:0m:0s)
Total CPU time used: 0.667 sec (0h:0m:0s)
Total wall-clock time used: 0.703 sec (0h:0m:0s)

===> START BOOTSTRAP REPLICATE NUMBER 96

Creating bootstrap alignment (seed: 175878)...
Reading input tree file data/example_alignements/nt/Rhabdomeric1.nt.nwk ...

NOTE: 0 MB RAM (0 GB) is required!
Estimate model parameters (epsilon = 0.010)
1. Initial log-likelihood: -5493.608
2. Current log-likelihood: -5420.952
3. Current log-likelihood: -5420.690
Optimal log-likelihood: -5420.689
Rate parameters:  A-C: 1.56465  A-G: 2.34707  A-T: 1.00545  C-G: 1.08719  C-T: 2.94955  G-T: 1.00000
Base frequencies:  A: 0.277  C: 0.255  G: 0.200  T: 0.268
Parameters optimization took 3 rounds (0.002 sec)
Wrote distance file to... 
BEST SCORE FOUND : -5420.689
Total tree length: 0.688

Total number of iterations: 0
CPU time used for tree search: 0.000 sec (0h:0m:0s)
Wall-clock time used for tree search: 0.000 sec (0h:0m:0s)
Total CPU time used: 0.674 sec (0h:0m:0s)
Total wall-clock time used: 0.709 sec (0h:0m:0s)

===> START BOOTSTRAP REPLICATE NUMBER 97

Creating bootstrap alignment (seed: 175879)...
Reading input tree file data/example_alignements/nt/Rhabdomeric1.nt.nwk ...

NOTE: 0 MB RAM (0 GB) is required!
Estimate model parameters (epsilon = 0.010)
1. Initial log-likelihood: -5313.299
2. Current log-likelihood: -5224.473
3. Current log-likelihood: -5224.165
Optimal log-likelihood: -5224.163
Rate parameters:  A-C: 2.53479  A-G: 2.78277  A-T: 1.62310  C-G: 1.21262  C-T: 4.67066  G-T: 1.00000
Base frequencies:  A: 0.284  C: 0.238  G: 0.204  T: 0.275
Parameters optimization took 3 rounds (0.002 sec)
Wrote distance file to... 
BEST SCORE FOUND : -5224.163
Total tree length: 0.621

Total number of iterations: 0
CPU time used for tree search: 0.000 sec (0h:0m:0s)
Wall-clock time used for tree search: 0.000 sec (0h:0m:0s)
Total CPU time used: 0.681 sec (0h:0m:0s)
Total wall-clock time used: 0.717 sec (0h:0m:0s)

===> START BOOTSTRAP REPLICATE NUMBER 98

Creating bootstrap alignment (seed: 175880)...
Reading input tree file data/example_alignements/nt/Rhabdomeric1.nt.nwk ...

NOTE: 0 MB RAM (0 GB) is required!
Estimate model parameters (epsilon = 0.010)
1. Initial log-likelihood: -5380.463
2. Current log-likelihood: -5314.887
3. Current log-likelihood: -5314.670
Optimal log-likelihood: -5314.669
Rate parameters:  A-C: 1.91548  A-G: 2.95306  A-T: 1.22892  C-G: 1.22037  C-T: 3.09268  G-T: 1.00000
Base frequencies:  A: 0.266  C: 0.267  G: 0.198  T: 0.269
Parameters optimization took 3 rounds (0.002 sec)
Wrote distance file to... 
BEST SCORE FOUND : -5314.669
Total tree length: 0.641

Total number of iterations: 0
CPU time used for tree search: 0.000 sec (0h:0m:0s)
Wall-clock time used for tree search: 0.000 sec (0h:0m:0s)
Total CPU time used: 0.688 sec (0h:0m:0s)
Total wall-clock time used: 0.724 sec (0h:0m:0s)

===> START BOOTSTRAP REPLICATE NUMBER 99

Creating bootstrap alignment (seed: 175881)...
Reading input tree file data/example_alignements/nt/Rhabdomeric1.nt.nwk ...

NOTE: 0 MB RAM (0 GB) is required!
Estimate model parameters (epsilon = 0.010)
1. Initial log-likelihood: -5125.143
2. Current log-likelihood: -5069.667
3. Current log-likelihood: -5069.536
Optimal log-likelihood: -5069.535
Rate parameters:  A-C: 1.34448  A-G: 2.18643  A-T: 0.94524  C-G: 1.01200  C-T: 2.51567  G-T: 1.00000
Base frequencies:  A: 0.268  C: 0.261  G: 0.193  T: 0.278
Parameters optimization took 3 rounds (0.002 sec)
Wrote distance file to... 
BEST SCORE FOUND : -5069.535
Total tree length: 0.570

Total number of iterations: 0
CPU time used for tree search: 0.000 sec (0h:0m:0s)
Wall-clock time used for tree search: 0.000 sec (0h:0m:0s)
Total CPU time used: 0.694 sec (0h:0m:0s)
Total wall-clock time used: 0.731 sec (0h:0m:0s)

===> START BOOTSTRAP REPLICATE NUMBER 100

Creating bootstrap alignment (seed: 175882)...
Reading input tree file data/example_alignements/nt/Rhabdomeric1.nt.nwk ...

NOTE: 0 MB RAM (0 GB) is required!
Estimate model parameters (epsilon = 0.010)
1. Initial log-likelihood: -5498.798
2. Current log-likelihood: -5404.754
3. Current log-likelihood: -5404.341
Optimal log-likelihood: -5404.340
Rate parameters:  A-C: 1.91890  A-G: 3.34258  A-T: 1.08298  C-G: 1.84019  C-T: 4.19629  G-T: 1.00000
Base frequencies:  A: 0.269  C: 0.258  G: 0.213  T: 0.260
Parameters optimization took 3 rounds (0.003 sec)
Wrote distance file to... 
BEST SCORE FOUND : -5404.340
Total tree length: 0.648

Total number of iterations: 0
CPU time used for tree search: 0.000 sec (0h:0m:0s)
Wall-clock time used for tree search: 0.000 sec (0h:0m:0s)
Total CPU time used: 0.702 sec (0h:0m:0s)
Total wall-clock time used: 0.739 sec (0h:0m:0s)

===> COMPUTE CONSENSUS TREE FROM 100 BOOTSTRAP TREES

Reading tree(s) file data/example_alignements/nt/nonparamet_bootstrap.boottrees ...
100 tree(s) loaded (0 rooted and 100 unrooted)
0 split(s) discarded because frequency <= -1.000
13 splits found
Consensus tree written to data/example_alignements/nt/nonparamet_bootstrap.contree

===> START ANALYSIS ON THE ORIGINAL ALIGNMENT

Reading input tree file data/example_alignements/nt/Rhabdomeric1.nt.nwk ...

NOTE: 0 MB RAM (0 GB) is required!
Estimate model parameters (epsilon = 0.010)
1. Initial log-likelihood: -5260.416
2. Current log-likelihood: -5182.627
3. Current log-likelihood: -5182.408
Optimal log-likelihood: -5182.405
Rate parameters:  A-C: 2.03344  A-G: 3.46014  A-T: 1.72547  C-G: 1.68494  C-T: 4.77568  G-T: 1.00000
Base frequencies:  A: 0.262  C: 0.265  G: 0.208  T: 0.265
Parameters optimization took 3 rounds (0.003 sec)
Wrote distance file to... 
BEST SCORE FOUND : -5182.405
Total tree length: 0.607

Total number of iterations: 0
CPU time used for tree search: 0.000 sec (0h:0m:0s)
Wall-clock time used for tree search: 0.000 sec (0h:0m:0s)
Total CPU time used: 0.710 sec (0h:0m:0s)
Total wall-clock time used: 0.749 sec (0h:0m:0s)
Reading input trees file data/example_alignements/nt/nonparamet_bootstrap.contree
Log-likelihood of consensus tree: -5182.405

===> ASSIGN BOOTSTRAP SUPPORTS TO THE TREE FROM ORIGINAL ALIGNMENT

Reading tree data/example_alignements/nt/nonparamet_bootstrap.treefile ...
unrooted tree detected
Reading tree(s) file data/example_alignements/nt/nonparamet_bootstrap.boottrees ...
100 tree(s) loaded (0 rooted and 100 unrooted)
Rescaling split weights by 1.000
13 splits found
Creating bootstrap support values...
Tree with assigned support written to data/example_alignements/nt/nonparamet_bootstrap.treefile

Analysis results written to: 
  IQ-TREE report:                data/example_alignements/nt/nonparamet_bootstrap.iqtree
  Maximum-likelihood tree:       data/example_alignements/nt/nonparamet_bootstrap.treefile
  Screen log file:               data/example_alignements/nt/nonparamet_bootstrap.log

Total CPU time for bootstrap: 0.712 seconds.
Total wall-clock time for bootstrap: 0.752 seconds.

Non-parametric bootstrap results written to:
  Bootstrap trees:          data/example_alignements/nt/nonparamet_bootstrap.boottrees
  Consensus tree:           data/example_alignements/nt/nonparamet_bootstrap.contree

Date and Time: Wed Mar 26 09:15:11 2025
